#
# A fatal error has been detected by the Java Runtime Environment:
#
#  SIGSEGV (0xb) at pc=0x000000010d9add11, pid=78036, tid=0x0000000000009d0b
#
# JRE version: OpenJDK Runtime Environment (8.0_242) (build 1.8.0_242-release-1644-b3-6222593)
# Java VM: OpenJDK 64-Bit Server VM (25.242-b3-6222593 mixed mode bsd-amd64 compressed oops)
# Problematic frame:
# J 7312 C2 java.util.concurrent.ConcurrentHashMap.putVal(Ljava/lang/Object;Ljava/lang/Object;Z)Ljava/lang/Object; (362 bytes) @ 0x000000010d9add11 [0x000000010d9adc00+0x111]
#
# Failed to write core dump. Core dumps have been disabled. To enable core dumping, try "ulimit -c unlimited" before starting Java again
#
# If you would like to submit a bug report, please visit:
#   http://bugreport.java.com/bugreport/crash.jsp
#

---------------  T H R E A D  ---------------

Current thread (0x00007fa7eed9b800):  JavaThread "Execution worker for ':'" [_thread_in_Java, id=40203, stack(0x00007000105ca000,0x00007000106ca000)]

siginfo: si_signo: 11 (SIGSEGV), si_code: 1 (SEGV_MAPERR), si_addr: 0x0000000000000014

Registers:
RAX=0x0000000000000001, RBX=0x00000007c0033cf0, RCX=0x0000000000001f14, RDX=0x000000079f1348b8
RSP=0x00007000106c48b0, RBP=0x0000000741f93798, RSI=0x00000000f3e26953, RDI=0x0000000000001f14
R8 =0x0000000741f8bb38, R9 =0x000000001ce4df14, R10=0x00000000e83f1767, R11=0x0000000000000000
R12=0x0000000000000000, R13=0x00000007405db9c8, R14=0x00007000106c4f20, R15=0x00007fa7eed9b800
RIP=0x000000010d9add11, EFLAGS=0x0000000000010202, ERR=0x0000000000000004
  TRAPNO=0x000000000000000e

Top of Stack: (sp=0x00007000106c48b0)
0x00007000106c48b0:   000000019f134a18 00007fa7eed9b800
0x00007000106c48c0:   000000079f134a98 0000000740bd4d50
0x00007000106c48d0:   f80002c20017c026 00007fa7f04b58c0
0x00007000106c48e0:   00007000106c4920 0000000100f03b70
0x00007000106c48f0:   000000079f1348b8 000000003f36d8d3
0x00007000106c4900:   00007fa7f14c73d0 00007fa7eed9b800
0x00007000106c4910:   0000000000000000 00000007405dbda8
0x00007000106c4920:   000000000000006f 000000010e354174
0x00007000106c4930:   00007fa7f14c73d0 00007fa7eed9b800
0x00007000106c4940:   000000079f134a98 000000010d7eb2ec
0x00007000106c4950:   000000079f1348b8 e80bb73900000000
0x00007000106c4960:   00000007405db978 00007fa7f10ef0e0
0x00007000106c4970:   00007000106c49e0 0000000100d112c8
0x00007000106c4980:   00007fa7f10ac7c0 00007fa7f14abdc0
0x00007000106c4990:   00007fa7f14abdd0 00007fa7f14ac1a8
0x00007000106c49a0:   00000007405dbba0 000000079f1348b8
0x00007000106c49b0:   00007fa7eed9b800 000000079f1348d0
0x00007000106c49c0:   000000000000006f 000000010dfe171c
0x00007000106c49d0:   00007000106c4f20 00007fa7eed9b800
0x00007000106c49e0:   00007000106c4a30 000000010d5d28bc
0x00007000106c49f0:   00000007405db978 000000079f1348b8
0x00007000106c4a00:   00007fa700000000 00007fa7f14abdc0
0x00007000106c4a10:   00007fa7f14abdd0 00007fa7f14ac1a8
0x00007000106c4a20:   00007000106c4a30 0000000100e5bc49
0x00007000106c4a30:   000000000000006f 000000010d7eb54c
0x00007000106c4a40:   000000079f1348b8 0000000100000000
0x00007000106c4a50:   0000000740bd4d50 000292590be87d67
0x00007000106c4a60:   000000079f1349e8 000000010d5d28bc
0x00007000106c4a70:   0000000740cf14e8 000000079f1348b8
0x00007000106c4a80:   000000010d7eb5f4 000000010d7eb010
0x00007000106c4a90:   0000000000000001 0000000000000006
0x00007000106c4aa0:   00007000106c4ab0 0000000100e5bc49 

Instructions: (pc=0x000000010d9add11)
0x000000010d9adcf1:   33 0a 00 00 4f 8d 04 d4 ff c9 41 23 c9 48 63 f9
0x000000010d9add01:   49 8d 6c b8 10 8b 45 00 85 c0 0f 84 82 03 00 00
0x000000010d9add11:   41 8b 54 c4 0c 49 8d 3c c4 83 fa ff 0f 84 ea 08
0x000000010d9add21:   00 00 89 54 24 48 89 44 24 34 4c 89 44 24 38 89 

Register to memory mapping:

RAX=0x0000000000000001 is an unknown value
RBX=0x00000007c0033cf0 is pointing into metadata
RCX=0x0000000000001f14 is an unknown value
RDX=0x000000079f1348b8 is an oop
java.lang.String 
 - klass: 'java/lang/String'
RSP=0x00007000106c48b0 is pointing into the stack for thread: 0x00007fa7eed9b800
RBP=0x0000000741f93798 is pointing into object: 0x0000000741f8bb38
[Ljava.util.concurrent.ConcurrentHashMap$Node; 
 - klass: 'java/util/concurrent/ConcurrentHashMap$Node'[]
 - length: 8192
RSI=0x00000000f3e26953 is an unknown value
RDI=0x0000000000001f14 is an unknown value
R8 =0x0000000741f8bb38 is an oop
[Ljava.util.concurrent.ConcurrentHashMap$Node; 
 - klass: 'java/util/concurrent/ConcurrentHashMap$Node'[]
 - length: 8192
R9 =0x000000001ce4df14 is an unknown value
R10=0x00000000e83f1767 is an unknown value
R11=0x0000000000000000 is an unknown value
R12=0x0000000000000000 is an unknown value
R13=0x00000007405db9c8 is an oop
java.util.concurrent.ConcurrentHashMap 
 - klass: 'java/util/concurrent/ConcurrentHashMap'
R14=0x00007000106c4f20 is pointing into the stack for thread: 0x00007fa7eed9b800
R15=0x00007fa7eed9b800 is a thread


Stack: [0x00007000105ca000,0x00007000106ca000],  sp=0x00007000106c48b0,  free space=1002k
Native frames: (J=compiled Java code, j=interpreted, Vv=VM code, C=native code)
J 7312 C2 java.util.concurrent.ConcurrentHashMap.putVal(Ljava/lang/Object;Ljava/lang/Object;Z)Ljava/lang/Object; (362 bytes) @ 0x000000010d9add11 [0x000000010d9adc00+0x111]
J 5175 C2 java.lang.ClassLoader.loadClass(Ljava/lang/String;Z)Ljava/lang/Class; (122 bytes) @ 0x000000010d7eb2ec [0x000000010d7eb240+0xac]
J 3999 C1 org.gradle.internal.classloader.CachingClassLoader.loadClass(Ljava/lang/String;Z)Ljava/lang/Class; (85 bytes) @ 0x000000010dfe171c [0x000000010dfe1460+0x2bc]
J 5175 C2 java.lang.ClassLoader.loadClass(Ljava/lang/String;Z)Ljava/lang/Class; (122 bytes) @ 0x000000010d7eb54c [0x000000010d7eb240+0x30c]
J 5175 C2 java.lang.ClassLoader.loadClass(Ljava/lang/String;Z)Ljava/lang/Class; (122 bytes) @ 0x000000010d7eb54c [0x000000010d7eb240+0x30c]
J 3115 C2 java.lang.ClassLoader.loadClass(Ljava/lang/String;)Ljava/lang/Class; (7 bytes) @ 0x000000010dd3a560 [0x000000010dd3a520+0x40]
v  ~StubRoutines::call_stub
V  [libjvm.dylib+0x2cc647]  JavaCalls::call_helper(JavaValue*, methodHandle*, JavaCallArguments*, Thread*)+0x69b
V  [libjvm.dylib+0x2cb4a2]  JavaCalls::call_virtual(JavaValue*, KlassHandle, Symbol*, Symbol*, JavaCallArguments*, Thread*)+0x14a
V  [libjvm.dylib+0x2cb6ff]  JavaCalls::call_virtual(JavaValue*, Handle, KlassHandle, Symbol*, Symbol*, Handle, Thread*)+0x61
V  [libjvm.dylib+0x5036f0]  SystemDictionary::load_instance_class(Symbol*, Handle, Thread*)+0x29e
V  [libjvm.dylib+0x5028bf]  SystemDictionary::resolve_instance_class_or_null(Symbol*, Handle, Handle, Thread*)+0x585
V  [libjvm.dylib+0x501f97]  SystemDictionary::resolve_or_fail(Symbol*, Handle, Handle, bool, Thread*)+0x1b
V  [libjvm.dylib+0x310542]  find_class_from_class_loader(JNIEnv_*, Symbol*, unsigned char, Handle, Handle, unsigned char, Thread*)+0x30
V  [libjvm.dylib+0x310794]  JVM_FindClassFromCaller+0x20e
C  [libjava.dylib+0x14cf]  Java_java_lang_Class_forName0+0x12a
J 1429  java.lang.Class.forName0(Ljava/lang/String;ZLjava/lang/ClassLoader;Ljava/lang/Class;)Ljava/lang/Class; (0 bytes) @ 0x000000010d8cabf4 [0x000000010d8cab00+0xf4]
J 6160 C2 java.lang.Class.forName(Ljava/lang/String;ZLjava/lang/ClassLoader;)Ljava/lang/Class; (53 bytes) @ 0x000000010e65e008 [0x000000010e65dfe0+0x28]
j  com.sun.beans.finder.ClassFinder.findClass(Ljava/lang/String;)Ljava/lang/Class;+26
j  com.sun.beans.finder.ClassFinder.findClass(Ljava/lang/String;Ljava/lang/ClassLoader;)Ljava/lang/Class;+21
j  java.beans.Introspector.findCustomizerClass(Ljava/lang/Class;)Ljava/lang/Class;+28
j  java.beans.Introspector.getTargetBeanDescriptor()Ljava/beans/BeanDescriptor;+35
j  java.beans.Introspector.getBeanInfo()Ljava/beans/BeanInfo;+1
j  java.beans.Introspector.getBeanInfo(Ljava/lang/Class;)Ljava/beans/BeanInfo;+63
j  java.beans.Introspector.getBeanInfo(Ljava/lang/Class;Ljava/lang/Class;I)Ljava/beans/BeanInfo;+10
j  java.beans.Introspector.<init>(Ljava/lang/Class;Ljava/lang/Class;I)V+157
j  java.beans.Introspector.getBeanInfo(Ljava/lang/Class;)Ljava/beans/BeanInfo;+60
j  java.beans.Introspector.getBeanInfo(Ljava/lang/Class;Ljava/lang/Class;I)Ljava/beans/BeanInfo;+10
j  java.beans.Introspector.<init>(Ljava/lang/Class;Ljava/lang/Class;I)V+157
j  java.beans.Introspector.getBeanInfo(Ljava/lang/Class;)Ljava/beans/BeanInfo;+60
j  groovy.lang.MetaClassImpl$15.run()Ljava/lang/Object;+7
v  ~StubRoutines::call_stub
V  [libjvm.dylib+0x2cc647]  JavaCalls::call_helper(JavaValue*, methodHandle*, JavaCallArguments*, Thread*)+0x69b
V  [libjvm.dylib+0x3126bf]  JVM_DoPrivileged+0x6cb
j  java.security.AccessController.doPrivileged(Ljava/security/PrivilegedExceptionAction;)Ljava/lang/Object;+0
j  groovy.lang.MetaClassImpl.addProperties()V+36
j  groovy.lang.MetaClassImpl.initialize()V+12
j  org.codehaus.groovy.reflection.ClassInfo.getMetaClassUnderLock()Lgroovy/lang/MetaClass;+54
j  org.codehaus.groovy.reflection.ClassInfo.getMetaClass()Lgroovy/lang/MetaClass;+16
j  org.codehaus.groovy.runtime.metaclass.MetaClassRegistryImpl.getMetaClass(Ljava/lang/Class;)Lgroovy/lang/MetaClass;+4
j  com.android.build.gradle.tasks.factory.AndroidUnitTest_Decorated.getMetaClass()Lgroovy/lang/MetaClass;+16
j  org.gradle.internal.metaobject.BeanDynamicObject.getMetaClass()Lgroovy/lang/MetaClass;+17
j  org.gradle.internal.metaobject.BeanDynamicObject.access$400(Lorg/gradle/internal/metaobject/BeanDynamicObject;)Lgroovy/lang/MetaClass;+1
j  org.gradle.internal.metaobject.BeanDynamicObject$MetaClassAdapter.setProperty(Ljava/lang/String;Ljava/lang/Object;)Lorg/gradle/internal/metaobject/DynamicInvokeResult;+18
j  org.gradle.internal.metaobject.BeanDynamicObject.trySetProperty(Ljava/lang/String;Ljava/lang/Object;)Lorg/gradle/internal/metaobject/DynamicInvokeResult;+6
j  org.gradle.internal.metaobject.CompositeDynamicObject.trySetProperty(Ljava/lang/String;Ljava/lang/Object;)Lorg/gradle/internal/metaobject/DynamicInvokeResult;+29
j  org.gradle.internal.metaobject.AbstractDynamicObject.setProperty(Ljava/lang/String;Ljava/lang/Object;)V+3
j  com.android.build.gradle.tasks.factory.AndroidUnitTest_Decorated.setProperty(Ljava/lang/String;Ljava/lang/Object;)V+6
j  edu.illinois.cs.cs125.gradlegrader.plugin.GradleGraderPlugin$apply$reconfTask$1.execute(Lorg/gradle/api/Task;)V+1693
j  edu.illinois.cs.cs125.gradlegrader.plugin.GradleGraderPlugin$apply$reconfTask$1.execute(Ljava/lang/Object;)V+5
j  org.gradle.api.internal.AbstractTask$TaskActionWrapper.execute(Lorg/gradle/api/Task;)V+28
j  org.gradle.api.internal.AbstractTask$TaskActionWrapper.execute(Ljava/lang/Object;)V+5
j  org.gradle.api.internal.tasks.execution.ExecuteActionsTaskExecuter$3.run(Lorg/gradle/internal/operations/BuildOperationContext;)V+23
J 5617 C1 org.gradle.internal.operations.DefaultBuildOperationRunner$1.execute(Lorg/gradle/internal/operations/BuildOperation;Lorg/gradle/internal/operations/BuildOperationContext;)V (10 bytes) @ 0x000000010e4e36bc [0x000000010e4e3460+0x25c]
J 5431 C1 org.gradle.internal.operations.DefaultBuildOperationRunner$3.execute(Lorg/gradle/internal/operations/BuildOperationDescriptor;Lorg/gradle/internal/operations/BuildOperationState;Lorg/gradle/internal/operations/BuildOperationState;Lorg/gradle/internal/operations/DefaultBuildOperationRunner$ReadableBuildOperationContext;Lorg/gradle/internal/operations/DefaultBuildOperationRunner$BuildOperationExecutionListener;)Lorg/gradle/internal/operations/BuildOperation; (110 bytes) @ 0x000000010e414e74 [0x000000010e414c80+0x1f4]
J 5427 C1 org.gradle.internal.operations.DefaultBuildOperationRunner.execute(Lorg/gradle/internal/operations/BuildOperationDescriptor$Builder;Lorg/gradle/internal/operations/BuildOperationState;Lorg/gradle/internal/operations/DefaultBuildOperationRunner$BuildOperationExecution;)Ljava/lang/Object; (140 bytes) @ 0x000000010e4129c4 [0x000000010e411a80+0xf44]
J 5616 C1 org.gradle.internal.operations.DefaultBuildOperationRunner.run(Lorg/gradle/internal/operations/RunnableBuildOperation;)V (13 bytes) @ 0x000000010e4e6de4 [0x000000010e4e67e0+0x604]
J 5323 C1 org.gradle.internal.operations.DefaultBuildOperationExecutor.run(Lorg/gradle/internal/operations/RunnableBuildOperation;)V (19 bytes) @ 0x000000010e3c39cc [0x000000010e3c3080+0x94c]
j  org.gradle.api.internal.tasks.execution.ExecuteActionsTaskExecuter.executeAction(Ljava/lang/String;Lorg/gradle/api/internal/TaskInternal;Lorg/gradle/api/internal/tasks/InputChangesAwareTaskAction;Lorg/gradle/internal/execution/history/changes/InputChangesInternal;Z)V+30
j  org.gradle.api.internal.tasks.execution.ExecuteActionsTaskExecuter.executeActions(Lorg/gradle/api/internal/TaskInternal;Lorg/gradle/internal/execution/history/changes/InputChangesInternal;)V+131
j  org.gradle.api.internal.tasks.execution.ExecuteActionsTaskExecuter.access$300(Lorg/gradle/api/internal/tasks/execution/ExecuteActionsTaskExecuter;Lorg/gradle/api/internal/TaskInternal;Lorg/gradle/internal/execution/history/changes/InputChangesInternal;)V+3
j  org.gradle.api.internal.tasks.execution.ExecuteActionsTaskExecuter$TaskExecution.executeWithPreviousOutputFiles(Lorg/gradle/internal/execution/history/changes/InputChangesInternal;)Lorg/gradle/internal/execution/UnitOfWork$WorkResult;+52
j  org.gradle.api.internal.tasks.execution.ExecuteActionsTaskExecuter$TaskExecution.execute(Lorg/gradle/internal/execution/history/changes/InputChangesInternal;Lorg/gradle/internal/execution/InputChangesContext;)Lorg/gradle/internal/execution/UnitOfWork$WorkResult;+60
j  org.gradle.internal.execution.steps.ExecuteStep.lambda$execute$1(Lorg/gradle/internal/execution/UnitOfWork;Lorg/gradle/internal/execution/InputChangesContext;)Lorg/gradle/internal/execution/ExecutionOutcome;+3
j  org.gradle.internal.execution.steps.ExecuteStep$$Lambda$815.get()Ljava/lang/Object;+8
J 3420 C1 java.util.Optional.orElseGet(Ljava/util/function/Supplier;)Ljava/lang/Object; (21 bytes) @ 0x000000010ddcd91c [0x000000010ddcd7c0+0x15c]
j  org.gradle.internal.execution.steps.ExecuteStep.execute(Lorg/gradle/internal/execution/InputChangesContext;)Lorg/gradle/internal/execution/Result;+30
j  org.gradle.internal.execution.steps.ExecuteStep.execute(Lorg/gradle/internal/execution/Context;)Lorg/gradle/internal/execution/Result;+5
j  org.gradle.internal.execution.steps.CleanupOutputsStep.execute(Lorg/gradle/internal/execution/InputChangesContext;)Lorg/gradle/internal/execution/Result;+66
j  org.gradle.internal.execution.steps.CleanupOutputsStep.execute(Lorg/gradle/internal/execution/Context;)Lorg/gradle/internal/execution/Result;+5
j  org.gradle.internal.execution.steps.ResolveInputChangesStep.execute(Lorg/gradle/internal/execution/IncrementalChangesContext;)Lorg/gradle/internal/execution/Result;+50
j  org.gradle.internal.execution.steps.ResolveInputChangesStep.execute(Lorg/gradle/internal/execution/Context;)Lorg/gradle/internal/execution/Result;+5
j  org.gradle.internal.execution.steps.CancelExecutionStep.execute(Lorg/gradle/internal/execution/Context;)Lorg/gradle/internal/execution/Result;+32
j  org.gradle.internal.execution.steps.TimeoutStep.executeWithoutTimeout(Lorg/gradle/internal/execution/Context;)Lorg/gradle/internal/execution/Result;+5
j  org.gradle.internal.execution.steps.TimeoutStep.execute(Lorg/gradle/internal/execution/Context;)Lorg/gradle/internal/execution/Result;+97
j  org.gradle.internal.execution.steps.CreateOutputsStep.execute(Lorg/gradle/internal/execution/Context;)Lorg/gradle/internal/execution/Result;+21
j  org.gradle.internal.execution.steps.SnapshotOutputsStep.execute(Lorg/gradle/internal/execution/BeforeExecutionContext;)Lorg/gradle/internal/execution/CurrentSnapshotResult;+5
j  org.gradle.internal.execution.steps.SnapshotOutputsStep.execute(Lorg/gradle/internal/execution/Context;)Lorg/gradle/internal/execution/Result;+5
j  org.gradle.internal.execution.steps.BroadcastChangingOutputsStep.execute(Lorg/gradle/internal/execution/Context;)Lorg/gradle/internal/execution/Result;+27
j  org.gradle.internal.execution.steps.CacheStep.executeWithoutCache(Lorg/gradle/internal/execution/IncrementalChangesContext;)Lorg/gradle/internal/execution/CurrentSnapshotResult;+5
j  org.gradle.internal.execution.steps.CacheStep.execute(Lorg/gradle/internal/execution/IncrementalChangesContext;)Lorg/gradle/internal/execution/CurrentSnapshotResult;+41
j  org.gradle.internal.execution.steps.CacheStep.execute(Lorg/gradle/internal/execution/Context;)Lorg/gradle/internal/execution/Result;+5
j  org.gradle.internal.execution.steps.StoreExecutionStateStep.execute(Lorg/gradle/internal/execution/BeforeExecutionContext;)Lorg/gradle/internal/execution/CurrentSnapshotResult;+5
j  org.gradle.internal.execution.steps.StoreExecutionStateStep.execute(Lorg/gradle/internal/execution/Context;)Lorg/gradle/internal/execution/Result;+5
j  org.gradle.internal.execution.steps.RecordOutputsStep.execute(Lorg/gradle/internal/execution/Context;)Lorg/gradle/internal/execution/CurrentSnapshotResult;+5
j  org.gradle.internal.execution.steps.RecordOutputsStep.execute(Lorg/gradle/internal/execution/Context;)Lorg/gradle/internal/execution/Result;+2
j  org.gradle.internal.execution.steps.SkipUpToDateStep.executeBecause(Lcom/google/common/collect/ImmutableList;Lorg/gradle/internal/execution/IncrementalChangesContext;)Lorg/gradle/internal/execution/UpToDateResult;+16
j  org.gradle.internal.execution.steps.SkipUpToDateStep.lambda$execute$0(Lorg/gradle/internal/execution/IncrementalChangesContext;Lorg/gradle/internal/execution/history/changes/ExecutionStateChanges;)Lorg/gradle/internal/execution/UpToDateResult;+74
J 13340 C1 org.gradle.internal.execution.steps.SkipUpToDateStep.execute(Lorg/gradle/internal/execution/IncrementalChangesContext;)Lorg/gradle/internal/execution/UpToDateResult; (62 bytes) @ 0x000000010f616504 [0x000000010f616040+0x4c4]
J 12324 C1 org.gradle.internal.execution.steps.SkipUpToDateStep.execute(Lorg/gradle/internal/execution/Context;)Lorg/gradle/internal/execution/Result; (9 bytes) @ 0x000000010f2cc324 [0x000000010f2cc280+0xa4]
J 12101 C1 org.gradle.internal.execution.steps.ResolveChangesStep.execute(Lorg/gradle/internal/execution/CachingContext;)Lorg/gradle/internal/execution/Result; (70 bytes) @ 0x000000010f2765bc [0x000000010f274d00+0x18bc]
J 10624 C1 org.gradle.internal.execution.steps.ResolveChangesStep.execute(Lorg/gradle/internal/execution/Context;)Lorg/gradle/internal/execution/Result; (9 bytes) @ 0x000000010e8778e4 [0x000000010e877840+0xa4]
J 10623 C1 org.gradle.internal.execution.steps.legacy.MarkSnapshottingInputsFinishedStep.execute(Lorg/gradle/internal/execution/Context;)Lorg/gradle/internal/execution/Result; (9 bytes) @ 0x000000010e877d74 [0x000000010e877c60+0x114]
J 12313 C1 org.gradle.internal.execution.steps.ResolveCachingStateStep.execute(Lorg/gradle/internal/execution/BeforeExecutionContext;)Lorg/gradle/internal/execution/CachingResult; (143 bytes) @ 0x000000010f2c70a4 [0x000000010f2c6b80+0x524]
J 12312 C1 org.gradle.internal.execution.steps.ResolveCachingStateStep.execute(Lorg/gradle/internal/execution/Context;)Lorg/gradle/internal/execution/Result; (9 bytes) @ 0x000000010f2caae4 [0x000000010f2caa40+0xa4]
J 12242 C1 org.gradle.internal.execution.steps.CaptureStateBeforeExecutionStep.execute(Lorg/gradle/internal/execution/AfterPreviousExecutionContext;)Lorg/gradle/internal/execution/CachingResult; (45 bytes) @ 0x000000010e6f712c [0x000000010e6f6e20+0x30c]
J 12240 C1 org.gradle.internal.execution.steps.CaptureStateBeforeExecutionStep.execute(Lorg/gradle/internal/execution/Context;)Lorg/gradle/internal/execution/Result; (9 bytes) @ 0x000000010ef517a4 [0x000000010ef51700+0xa4]
J 12094 C1 org.gradle.internal.execution.steps.ValidateStep.execute(Lorg/gradle/internal/execution/Context;)Lorg/gradle/internal/execution/Result; (181 bytes) @ 0x000000010f2695bc [0x000000010f267300+0x22bc]
J 10611 C1 org.gradle.internal.execution.steps.SkipEmptyWorkStep.execute(Lorg/gradle/internal/execution/AfterPreviousExecutionContext;)Lorg/gradle/internal/execution/CachingResult; (62 bytes) @ 0x000000010e87aa44 [0x000000010e87a400+0x644]
J 10610 C1 org.gradle.internal.execution.steps.SkipEmptyWorkStep.execute(Lorg/gradle/internal/execution/Context;)Lorg/gradle/internal/execution/Result; (9 bytes) @ 0x000000010eb2aae4 [0x000000010eb2aa40+0xa4]
...<more frames>...


---------------  P R O C E S S  ---------------

Java Threads: ( => current thread )
  0x00007fa7eb7e6800 JavaThread "JGit-FileStoreAttributeReader-1" daemon [_thread_blocked, id=24603, stack(0x0000700010ad9000,0x0000700010bd9000)]
  0x00007fa7f2740800 JavaThread "process reaper" daemon [_thread_blocked, id=64523, stack(0x00007000087d3000,0x00007000087fb000)]
  0x00007fa7eb2bf800 JavaThread "Execution worker for ':' Thread 3" [_thread_blocked, id=70415, stack(0x00007000108d3000,0x00007000109d3000)]
  0x00007fa7ec0da800 JavaThread "Cache worker for execution history cache (/Users/JenniferLim/StudioProjects/MP-Fall2020-limjen427/.gradle/6.7/executionHistory)" [_thread_blocked, id=76811, stack(0x00007000107d0000,0x00007000108d0000)]
  0x00007fa7ed0cf000 JavaThread "Execution worker for ':' Thread 2" [_thread_blocked, id=60683, stack(0x00007000106cd000,0x00007000107cd000)]
=>0x00007fa7eed9b800 JavaThread "Execution worker for ':'" [_thread_in_Java, id=40203, stack(0x00007000105ca000,0x00007000106ca000)]
  0x00007fa7ec761800 JavaThread "jar transforms Thread 276" [_thread_blocked, id=71435, stack(0x00007000102c1000,0x00007000103c1000)]
  0x00007fa7f0bd5800 JavaThread "jar transforms Thread 275" [_thread_blocked, id=76043, stack(0x00007000101be000,0x00007000102be000)]
  0x00007fa7f0bd5000 JavaThread "jar transforms Thread 274" [_thread_blocked, id=77067, stack(0x00007000100bb000,0x00007000101bb000)]
  0x00007fa7ed751800 JavaThread "jar transforms Thread 273" [_thread_blocked, id=58635, stack(0x000070000ffb8000,0x00007000100b8000)]
  0x00007fa7f0bd4000 JavaThread "jar transforms Thread 272" [_thread_blocked, id=70923, stack(0x000070000feb5000,0x000070000ffb5000)]
  0x00007fa7ec761000 JavaThread "jar transforms Thread 271" [_thread_blocked, id=75019, stack(0x000070000fdb2000,0x000070000feb2000)]
  0x00007fa7ec760000 JavaThread "jar transforms Thread 270" [_thread_blocked, id=60427, stack(0x000070000fcaf000,0x000070000fdaf000)]
  0x00007fa7ec75f800 JavaThread "jar transforms Thread 269" [_thread_blocked, id=75787, stack(0x000070000fbac000,0x000070000fcac000)]
  0x00007fa7ec75e800 JavaThread "jar transforms Thread 268" [_thread_blocked, id=59659, stack(0x000070000faa9000,0x000070000fba9000)]
  0x00007fa7ec75e000 JavaThread "jar transforms Thread 267" [_thread_blocked, id=58891, stack(0x000070000f9a6000,0x000070000faa6000)]
  0x00007fa7ec75d000 JavaThread "jar transforms Thread 266" [_thread_blocked, id=73995, stack(0x000070000f8a3000,0x000070000f9a3000)]
  0x00007fa7ec75c800 JavaThread "jar transforms Thread 265" [_thread_blocked, id=74251, stack(0x000070000f7a0000,0x000070000f8a0000)]
  0x00007fa7ec75b800 JavaThread "jar transforms Thread 264" [_thread_blocked, id=77323, stack(0x000070000f69d000,0x000070000f79d000)]
  0x00007fa7ec75b000 JavaThread "jar transforms Thread 263" [_thread_blocked, id=43275, stack(0x000070000f59a000,0x000070000f69a000)]
  0x00007fa7ec75a000 JavaThread "jar transforms Thread 262" [_thread_blocked, id=52747, stack(0x000070000f497000,0x000070000f597000)]
  0x00007fa7ec759800 JavaThread "jar transforms Thread 261" [_thread_blocked, id=52491, stack(0x000070000f394000,0x000070000f494000)]
  0x00007fa7ec758800 JavaThread "jar transforms Thread 260" [_thread_blocked, id=63499, stack(0x000070000f291000,0x000070000f391000)]
  0x00007fa7f0bd3800 JavaThread "jar transforms Thread 259" [_thread_blocked, id=63243, stack(0x000070000f18e000,0x000070000f28e000)]
  0x00007fa7ec758000 JavaThread "jar transforms Thread 258" [_thread_blocked, id=29963, stack(0x000070000f08b000,0x000070000f18b000)]
  0x00007fa7ec757000 JavaThread "jar transforms Thread 257" [_thread_blocked, id=62475, stack(0x000070000ef88000,0x000070000f088000)]
  0x00007fa7ec756800 JavaThread "jar transforms Thread 256" [_thread_blocked, id=62731, stack(0x000070000ee85000,0x000070000ef85000)]
  0x00007fa7f0bd2800 JavaThread "jar transforms Thread 255" [_thread_blocked, id=80907, stack(0x000070000ed82000,0x000070000ee82000)]
  0x00007fa7ed520000 JavaThread "jar transforms Thread 254" [_thread_blocked, id=61707, stack(0x000070000ec7f000,0x000070000ed7f000)]
  0x00007fa7eb7e4000 JavaThread "jar transforms Thread 253" [_thread_blocked, id=73739, stack(0x000070000eb7c000,0x000070000ec7c000)]
  0x00007fa7eb7e3000 JavaThread "jar transforms Thread 252" [_thread_blocked, id=61451, stack(0x000070000ea79000,0x000070000eb79000)]
  0x00007fa7eb7e2800 JavaThread "jar transforms Thread 251" [_thread_blocked, id=34571, stack(0x000070000e976000,0x000070000ea76000)]
  0x00007fa7eb7e1800 JavaThread "jar transforms Thread 250" [_thread_blocked, id=31499, stack(0x000070000e873000,0x000070000e973000)]
  0x00007fa7eb7e1000 JavaThread "jar transforms Thread 249" [_thread_blocked, id=34059, stack(0x000070000e770000,0x000070000e870000)]
  0x00007fa7eb7e0000 JavaThread "jar transforms Thread 248" [_thread_blocked, id=33803, stack(0x000070000e66d000,0x000070000e76d000)]
  0x00007fa7ec54d800 JavaThread "jar transforms Thread 247" [_thread_blocked, id=33547, stack(0x000070000e56a000,0x000070000e66a000)]
  0x00007fa7ec54c800 JavaThread "jar transforms Thread 246" [_thread_blocked, id=32523, stack(0x000070000e467000,0x000070000e567000)]
  0x00007fa7ec29b800 JavaThread "jar transforms Thread 245" [_thread_blocked, id=33035, stack(0x000070000e364000,0x000070000e464000)]
  0x00007fa7ec29a800 JavaThread "jar transforms Thread 244" [_thread_blocked, id=44043, stack(0x000070000e261000,0x000070000e361000)]
  0x00007fa7eeb0a800 JavaThread "jar transforms Thread 243" [_thread_blocked, id=32267, stack(0x000070000e15e000,0x000070000e25e000)]
  0x00007fa7eeb0a000 JavaThread "jar transforms Thread 242" [_thread_blocked, id=29451, stack(0x000070000e05b000,0x000070000e15b000)]
  0x00007fa7eede6000 JavaThread "jar transforms Thread 241" [_thread_blocked, id=29707, stack(0x000070000df58000,0x000070000e058000)]
  0x00007fa7eede5800 JavaThread "jar transforms Thread 240" [_thread_blocked, id=44299, stack(0x000070000de55000,0x000070000df55000)]
  0x00007fa7f0bd2000 JavaThread "jar transforms Thread 239" [_thread_blocked, id=86795, stack(0x000070000dd52000,0x000070000de52000)]
  0x00007fa7f0bd1000 JavaThread "jar transforms Thread 238" [_thread_blocked, id=86539, stack(0x000070000dc4f000,0x000070000dd4f000)]
  0x00007fa7ed51f000 JavaThread "jar transforms Thread 237" [_thread_blocked, id=45323, stack(0x000070000db4c000,0x000070000dc4c000)]
  0x00007fa7ed51e800 JavaThread "jar transforms Thread 236" [_thread_blocked, id=28939, stack(0x000070000da49000,0x000070000db49000)]
  0x00007fa7f0bd0800 JavaThread "jar transforms Thread 235" [_thread_blocked, id=29195, stack(0x000070000d946000,0x000070000da46000)]
  0x00007fa7eecd6800 JavaThread "jar transforms Thread 234" [_thread_blocked, id=53003, stack(0x000070000d843000,0x000070000d943000)]
  0x00007fa7f0bcf800 JavaThread "jar transforms Thread 233" [_thread_blocked, id=28171, stack(0x000070000d740000,0x000070000d840000)]
  0x00007fa7ed51d800 JavaThread "jar transforms Thread 232" [_thread_blocked, id=45835, stack(0x000070000d63d000,0x000070000d73d000)]
  0x00007fa7ed51d000 JavaThread "jar transforms Thread 231" [_thread_blocked, id=80395, stack(0x000070000d53a000,0x000070000d63a000)]
  0x00007fa7f0bcf000 JavaThread "jar transforms Thread 230" [_thread_blocked, id=77835, stack(0x000070000d437000,0x000070000d537000)]
  0x00007fa7eecd6000 JavaThread "jar transforms Thread 229" [_thread_blocked, id=57099, stack(0x000070000d334000,0x000070000d434000)]
  0x00007fa7eedab000 JavaThread "jar transforms Thread 228" [_thread_blocked, id=78091, stack(0x000070000d231000,0x000070000d331000)]
  0x00007fa7eedaa000 JavaThread "jar transforms Thread 227" [_thread_blocked, id=78603, stack(0x000070000d12e000,0x000070000d22e000)]
  0x00007fa7eed23800 JavaThread "jar transforms Thread 226" [_thread_blocked, id=78347, stack(0x000070000d02b000,0x000070000d12b000)]
  0x00007fa7eed22800 JavaThread "jar transforms Thread 225" [_thread_blocked, id=56075, stack(0x000070000cf28000,0x000070000d028000)]
  0x00007fa7ed2b2800 JavaThread "jar transforms Thread 224" [_thread_blocked, id=55563, stack(0x000070000ce25000,0x000070000cf25000)]
  0x00007fa7eb67f800 JavaThread "jar transforms Thread 223" [_thread_blocked, id=79627, stack(0x000070000cd22000,0x000070000ce22000)]
  0x00007fa7eed39800 JavaThread "jar transforms Thread 222" [_thread_blocked, id=55051, stack(0x000070000cc1f000,0x000070000cd1f000)]
  0x00007fa7ed2b1800 JavaThread "jar transforms Thread 221" [_thread_blocked, id=80139, stack(0x000070000cb1c000,0x000070000cc1c000)]
  0x00007fa7f274e800 JavaThread "jar transforms Thread 220" [_thread_blocked, id=46347, stack(0x000070000ca19000,0x000070000cb19000)]
  0x00007fa7ec7c7000 JavaThread "jar transforms Thread 219" [_thread_blocked, id=54539, stack(0x000070000c916000,0x000070000ca16000)]
  0x00007fa7eedad800 JavaThread "jar transforms Thread 218" [_thread_blocked, id=54283, stack(0x000070000c813000,0x000070000c913000)]
  0x00007fa7f274e000 JavaThread "jar transforms Thread 217" [_thread_blocked, id=53515, stack(0x000070000c710000,0x000070000c810000)]
  0x00007fa7eb10f800 JavaThread "jar transforms Thread 216" [_thread_blocked, id=47115, stack(0x000070000c60d000,0x000070000c70d000)]
  0x00007fa7eecc4000 JavaThread "jar transforms Thread 215" [_thread_blocked, id=85771, stack(0x000070000c50a000,0x000070000c60a000)]
  0x00007fa7f274d000 JavaThread "jar transforms Thread 214" [_thread_blocked, id=86027, stack(0x000070000c407000,0x000070000c507000)]
  0x00007fa7ed2b1000 JavaThread "jar transforms Thread 213" [_thread_blocked, id=85515, stack(0x000070000c304000,0x000070000c404000)]
  0x00007fa7ec14f800 JavaThread "jar transforms Thread 212" [_thread_blocked, id=47883, stack(0x000070000c201000,0x000070000c301000)]
  0x00007fa7f274c800 JavaThread "jar transforms Thread 211" [_thread_blocked, id=47627, stack(0x000070000c0fe000,0x000070000c1fe000)]
  0x00007fa7f351b800 JavaThread "jar transforms Thread 210" [_thread_blocked, id=85003, stack(0x000070000bffb000,0x000070000c0fb000)]
  0x00007fa7ed2b0000 JavaThread "jar transforms Thread 209" [_thread_blocked, id=83979, stack(0x000070000bef8000,0x000070000bff8000)]
  0x00007fa7eb2bc000 JavaThread "jar transforms Thread 208" [_thread_blocked, id=83723, stack(0x000070000bdf5000,0x000070000bef5000)]
  0x00007fa7ec2dc800 JavaThread "jar transforms Thread 207" [_thread_blocked, id=48651, stack(0x000070000bcf2000,0x000070000bdf2000)]
  0x00007fa7ec1ba000 JavaThread "jar transforms Thread 206" [_thread_blocked, id=48907, stack(0x000070000bbef000,0x000070000bcef000)]
  0x00007fa7ec5f5000 JavaThread "jar transforms Thread 205" [_thread_blocked, id=49419, stack(0x000070000baec000,0x000070000bbec000)]
  0x00007fa7ed522000 JavaThread "jar transforms Thread 204" [_thread_blocked, id=49163, stack(0x000070000b9e9000,0x000070000bae9000)]
  0x00007fa7eb9ad000 JavaThread "jar transforms Thread 203" [_thread_blocked, id=49675, stack(0x000070000b8e6000,0x000070000b9e6000)]
  0x00007fa7eb9ac000 JavaThread "jar transforms Thread 202" [_thread_blocked, id=50443, stack(0x000070000b7e3000,0x000070000b8e3000)]
  0x00007fa7f344f800 JavaThread "jar transforms Thread 201" [_thread_blocked, id=50187, stack(0x000070000b6e0000,0x000070000b7e0000)]
  0x00007fa7f274a800 JavaThread "jar transforms Thread 200" [_thread_blocked, id=50699, stack(0x000070000b5dd000,0x000070000b6dd000)]
  0x00007fa7f27f8800 JavaThread "jar transforms Thread 199" [_thread_blocked, id=51467, stack(0x000070000b4da000,0x000070000b5da000)]
  0x00007fa7f3191000 JavaThread "jar transforms Thread 198" [_thread_blocked, id=51211, stack(0x000070000b3d7000,0x000070000b4d7000)]
  0x00007fa7ed521800 JavaThread "jar transforms Thread 197" [_thread_blocked, id=81675, stack(0x000070000b2d4000,0x000070000b3d4000)]
  0x00007fa7eec17000 JavaThread "jar transforms Thread 196" [_thread_blocked, id=35339, stack(0x000070000b1d1000,0x000070000b2d1000)]
  0x00007fa7eb41f000 JavaThread "jar transforms Thread 195" [_thread_blocked, id=80651, stack(0x000070000b0ce000,0x000070000b1ce000)]
  0x00007fa7eb440800 JavaThread "jar transforms Thread 194" [_thread_blocked, id=30475, stack(0x000070000afcb000,0x000070000b0cb000)]
  0x00007fa7eb137800 JavaThread "jar transforms Thread 193" [_thread_blocked, id=30987, stack(0x000070000aec8000,0x000070000afc8000)]
  0x00007fa7ebb2a000 JavaThread "jar transforms Thread 192" [_thread_blocked, id=25099, stack(0x000070000adc5000,0x000070000aec5000)]
  0x00007fa7f27f7800 JavaThread "jar transforms Thread 191" [_thread_blocked, id=24843, stack(0x000070000acc2000,0x000070000adc2000)]
  0x00007fa7ec530000 JavaThread "jar transforms Thread 190" [_thread_blocked, id=69643, stack(0x000070000abbf000,0x000070000acbf000)]
  0x00007fa7eb7ff000 JavaThread "jar transforms Thread 189" [_thread_blocked, id=38411, stack(0x000070000aabc000,0x000070000abbc000)]
  0x00007fa7f3244000 JavaThread "jar transforms Thread 188" [_thread_blocked, id=41483, stack(0x000070000a9b9000,0x000070000aab9000)]
  0x00007fa7eeccd000 JavaThread "jar transforms Thread 187" [_thread_blocked, id=26379, stack(0x000070000a8b6000,0x000070000a9b6000)]
  0x00007fa7eed06800 JavaThread "jar transforms Thread 186" [_thread_blocked, id=38667, stack(0x000070000a7b3000,0x000070000a8b3000)]
  0x00007fa7eed26800 JavaThread "Build operations Thread 4" [_thread_blocked, id=22539, stack(0x000070000a6b0000,0x000070000a7b0000)]
  0x00007fa7f35dc000 JavaThread "Build operations Thread 3" [_thread_blocked, id=38923, stack(0x000070000a5ad000,0x000070000a6ad000)]
  0x00007fa7f3567000 JavaThread "Build operations Thread 2" [_thread_blocked, id=42507, stack(0x000070000a4aa000,0x000070000a5aa000)]
  0x00007fa7ec464800 JavaThread "Build operations" [_thread_blocked, id=22283, stack(0x000070000a3a7000,0x000070000a4a7000)]
  0x00007fa7ec176800 JavaThread "Cache worker for Build Output Cleanup Cache (/Users/JenniferLim/StudioProjects/MP-Fall2020-limjen427/.gradle/buildOutputCleanup)" [_thread_blocked, id=21771, stack(0x000070000a1a1000,0x000070000a2a1000)]
  0x00007fa7ebd50000 JavaThread "jar transforms Thread 185" [_thread_blocked, id=64271, stack(0x000070000a09e000,0x000070000a19e000)]
  0x00007fa7eeb2d800 JavaThread "Cache worker for cache directory md-rule (/Users/JenniferLim/.gradle/caches/6.7/md-rule)" [_thread_blocked, id=27403, stack(0x0000700009e98000,0x0000700009f98000)]
  0x00007fa7f0fb0800 JavaThread "Cache worker for cache directory md-supplier (/Users/JenniferLim/.gradle/caches/6.7/md-supplier)" [_thread_blocked, id=27915, stack(0x0000700009d95000,0x0000700009e95000)]
  0x00007fa7f336b800 JavaThread "Cache worker for checksums cache (/Users/JenniferLim/StudioProjects/MP-Fall2020-limjen427/.gradle/checksums)" [_thread_blocked, id=38155, stack(0x0000700009c92000,0x0000700009d92000)]
  0x00007fa7ed57a800 JavaThread "Cache worker for file hash cache (/Users/JenniferLim/StudioProjects/MP-Fall2020-limjen427/.gradle/6.7/fileHashes)" [_thread_blocked, id=27659, stack(0x0000700009b8f000,0x0000700009c8f000)]
  0x00007fa7f0fb0000 JavaThread "Thread-243" [_thread_blocked, id=27147, stack(0x0000700009783000,0x0000700009883000)]
  0x00007fa7f0d08000 JavaThread "Stdin handler" [_thread_blocked, id=52235, stack(0x0000700009680000,0x0000700009780000)]
  0x00007fa7f33e2800 JavaThread "Asynchronous log dispatcher for DefaultDaemonConnection: socket connection from /127.0.0.1:63069 to /127.0.0.1:63227" [_thread_blocked, id=81163, stack(0x000070000957d000,0x000070000967d000)]
  0x00007fa7ebb0d000 JavaThread "Daemon worker Thread 3" [_thread_blocked, id=28683, stack(0x000070000947a000,0x000070000957a000)]
  0x00007fa7f0c5d000 JavaThread "Cancel handler" [_thread_blocked, id=37387, stack(0x0000700009377000,0x0000700009477000)]
  0x00007fa7f0ff7800 JavaThread "Handler for socket connection from /127.0.0.1:63069 to /127.0.0.1:63227" [_thread_in_native, id=57867, stack(0x0000700009274000,0x0000700009374000)]
  0x00007fa7ed2d6000 JavaThread "Daemon Thread 3" [_thread_blocked, id=16395, stack(0x0000700009171000,0x0000700009271000)]
  0x00007fa7f36f5800 JavaThread "Cache worker for Java compile cache (/Users/JenniferLim/.gradle/caches/6.7/javaCompile)" [_thread_blocked, id=64771, stack(0x00007000109d6000,0x0000700010ad6000)]
  0x00007fa7f266e800 JavaThread "Memory manager" [_thread_blocked, id=71939, stack(0x00007000104c7000,0x00007000105c7000)]
  0x00007fa7eef45800 JavaThread "Cache worker for file content cache (/Users/JenniferLim/.gradle/caches/6.7/fileContent)" [_thread_blocked, id=72451, stack(0x00007000103c4000,0x00007000104c4000)]
  0x00007fa7f2538000 JavaThread "Cache worker for kotlin-dsl (/Users/JenniferLim/.gradle/caches/6.7/kotlin-dsl)" [_thread_blocked, id=39939, stack(0x000070000a2a4000,0x000070000a3a4000)]
  0x00007fa7f0a2a800 JavaThread "Cache worker for execution history cache (/Users/JenniferLim/.gradle/caches/6.7/executionHistory)" [_thread_blocked, id=40707, stack(0x0000700009f9b000,0x000070000a09b000)]
  0x00007fa7ec1e2000 JavaThread "Cache worker for journal cache (/Users/JenniferLim/.gradle/caches/journal-1)" [_thread_blocked, id=24067, stack(0x0000700009a8c000,0x0000700009b8c000)]
  0x00007fa7eb9f8000 JavaThread "File lock request listener" [_thread_in_native, id=23555, stack(0x0000700009989000,0x0000700009a89000)]
  0x00007fa7ec1b2000 JavaThread "Cache worker for file hash cache (/Users/JenniferLim/.gradle/caches/6.7/fileHashes)" [_thread_blocked, id=23043, stack(0x0000700009886000,0x0000700009986000)]
  0x00007fa7ed13a800 JavaThread "Daemon periodic checks" [_thread_blocked, id=16899, stack(0x000070000906e000,0x000070000916e000)]
  0x00007fa7eb9a1000 JavaThread "Incoming local TCP Connector on port 63069" [_thread_in_native, id=15107, stack(0x0000700008f6b000,0x000070000906b000)]
  0x00007fa7ed4c0800 JavaThread "Daemon health stats" [_thread_blocked, id=14595, stack(0x0000700008e68000,0x0000700008f68000)]
  0x00007fa7ed05e800 JavaThread "Service Thread" daemon [_thread_blocked, id=14339, stack(0x0000700008c62000,0x0000700008d62000)]
  0x00007fa7eb00f800 JavaThread "C1 CompilerThread2" daemon [_thread_blocked, id=13827, stack(0x0000700008b5f000,0x0000700008c5f000)]
  0x00007fa7eb00f000 JavaThread "C2 CompilerThread1" daemon [_thread_blocked, id=18179, stack(0x0000700008a5c000,0x0000700008b5c000)]
  0x00007fa7eb008800 JavaThread "C2 CompilerThread0" daemon [_thread_blocked, id=13315, stack(0x0000700008959000,0x0000700008a59000)]
  0x00007fa7ec038000 JavaThread "Signal Dispatcher" daemon [_thread_blocked, id=13059, stack(0x0000700008856000,0x0000700008956000)]
  0x00007fa7ed01e000 JavaThread "Finalizer" daemon [_thread_blocked, id=11779, stack(0x000070000864d000,0x000070000874d000)]
  0x00007fa7eb826000 JavaThread "Reference Handler" daemon [_thread_blocked, id=21251, stack(0x000070000854a000,0x000070000864a000)]
  0x00007fa7ec00c000 JavaThread "main" [_thread_blocked, id=3587, stack(0x0000700007f38000,0x0000700008038000)]

Other Threads:
  0x00007fa7ec034000 VMThread [stack: 0x0000700008447000,0x0000700008547000] [id=21507]
  0x00007fa7eb020800 WatcherThread [stack: 0x0000700008d65000,0x0000700008e65000] [id=17411]

VM state:not at safepoint (normal execution)

VM Mutex/Monitor currently owned by a thread: None

heap address: 0x0000000740000000, size: 2048 MB, Compressed Oops mode: Zero based, Oop shift amount: 3
Narrow klass base: 0x0000000000000000, Narrow klass shift: 3
Compressed class space size: 1073741824 Address: 0x00000007c0000000

Heap:
 PSYoungGen      total 450048K, used 195846K [0x0000000795580000, 0x00000007b4e80000, 0x00000007c0000000)
  eden space 384000K, 41% used [0x0000000795580000,0x000000079f1501d0,0x00000007acc80000)
  from space 66048K, 54% used [0x00000007b0e00000,0x00000007b3171970,0x00000007b4e80000)
  to   space 66560K, 0% used [0x00000007acc80000,0x00000007acc80000,0x00000007b0d80000)
 ParOldGen       total 305664K, used 158669K [0x0000000740000000, 0x0000000752a80000, 0x0000000795580000)
  object space 305664K, 51% used [0x0000000740000000,0x0000000749af3448,0x0000000752a80000)
 Metaspace       used 105047K, capacity 109204K, committed 109440K, reserved 1144832K
  class space    used 13511K, capacity 14345K, committed 14464K, reserved 1048576K

Card table byte_map: [0x0000000101d2b000,0x000000010212c000] byte_map_base: 0x00000000fe32b000

Marking Bits: (ParMarkBitMap*) 0x00000001012273f8
 Begin Bits: [0x00000001023d7000, 0x00000001043d7000)
 End Bits:   [0x00000001043d7000, 0x00000001063d7000)

Polling page: 0x00000001001fa000

CodeCache: size=245760Kb used=35746Kb max_used=35765Kb free=210013Kb
 bounds [0x000000010d3ef000, 0x000000010f71f000, 0x000000011c3ef000]
 total_blobs=12789 nmethods=11913 adapters=788
 compilation: enabled

Compilation events (10 events):
Event: 538.962 Thread 0x00007fa7eb00f800 14134       3       org.codehaus.groovy.runtime.metaclass.ReflectionMetaMethod::getName (8 bytes)
Event: 538.963 Thread 0x00007fa7eb00f800 nmethod 14134 0x000000010f6cb790 code [0x000000010f6cb900, 0x000000010f6cbb70]
Event: 538.964 Thread 0x00007fa7eb00f800 14135       3       java.lang.reflect.AccessibleObject::setAccessible (37 bytes)
Event: 538.965 Thread 0x00007fa7eb00f800 nmethod 14135 0x000000010f6cb0d0 code [0x000000010f6cb260, 0x000000010f6cb618]
Event: 538.968 Thread 0x00007fa7eb00f800 14136       1       groovy.lang.MetaClassImpl$MethodIndexAction::skipClass (2 bytes)
Event: 538.968 Thread 0x00007fa7eb00f800 nmethod 14136 0x000000010f6cae10 code [0x000000010f6caf60, 0x000000010f6cb070]
Event: 538.969 Thread 0x00007fa7eb008800 nmethod 14069 0x000000010f702b10 code [0x000000010f7030c0, 0x000000010f706b28]
Event: 538.970 Thread 0x00007fa7eb008800 14116       4       sun.nio.fs.UnixNativeDispatcher::copyToNativeBuffer (49 bytes)
Event: 538.975 Thread 0x00007fa7eb00f800 14138       3       java.beans.Introspector::isAssignable (27 bytes)
Event: 538.976 Thread 0x00007fa7eb00f800 nmethod 14138 0x000000010f6ccc90 code [0x000000010f6cce00, 0x000000010f6cd0e8]

GC Heap History (10 events):
Event: 13.616 GC heap before
{Heap before GC invocations=14 (full 3):
 PSYoungGen      total 309760K, used 294400K [0x0000000795580000, 0x00000007a9e00000, 0x00000007c0000000)
  eden space 294400K, 100% used [0x0000000795580000,0x00000007a7500000,0x00000007a7500000)
  from space 15360K, 0% used [0x00000007a8980000,0x00000007a8980000,0x00000007a9880000)
  to   space 20992K, 0% used [0x00000007a7500000,0x00000007a7500000,0x00000007a8980000)
 ParOldGen       total 123392K, used 36228K [0x0000000740000000, 0x0000000747880000, 0x0000000795580000)
  object space 123392K, 29% used [0x0000000740000000,0x0000000742361298,0x0000000747880000)
 Metaspace       used 73244K, capacity 76636K, committed 76800K, reserved 1116160K
  class space    used 10024K, capacity 10712K, committed 10752K, reserved 1048576K
Event: 13.654 GC heap after
Heap after GC invocations=14 (full 3):
 PSYoungGen      total 315392K, used 20987K [0x0000000795580000, 0x00000007aee80000, 0x00000007c0000000)
  eden space 294400K, 0% used [0x0000000795580000,0x0000000795580000,0x00000007a7500000)
  from space 20992K, 99% used [0x00000007a7500000,0x00000007a897ef20,0x00000007a8980000)
  to   space 26112K, 0% used [0x00000007ad500000,0x00000007ad500000,0x00000007aee80000)
 ParOldGen       total 123392K, used 41990K [0x0000000740000000, 0x0000000747880000, 0x0000000795580000)
  object space 123392K, 34% used [0x0000000740000000,0x00000007429018d8,0x0000000747880000)
 Metaspace       used 73244K, capacity 76636K, committed 76800K, reserved 1116160K
  class space    used 10024K, capacity 10712K, committed 10752K, reserved 1048576K
}
Event: 16.809 GC heap before
{Heap before GC invocations=15 (full 3):
 PSYoungGen      total 315392K, used 315387K [0x0000000795580000, 0x00000007aee80000, 0x00000007c0000000)
  eden space 294400K, 100% used [0x0000000795580000,0x00000007a7500000,0x00000007a7500000)
  from space 20992K, 99% used [0x00000007a7500000,0x00000007a897ef20,0x00000007a8980000)
  to   space 26112K, 0% used [0x00000007ad500000,0x00000007ad500000,0x00000007aee80000)
 ParOldGen       total 123392K, used 41990K [0x0000000740000000, 0x0000000747880000, 0x0000000795580000)
  object space 123392K, 34% used [0x0000000740000000,0x00000007429018d8,0x0000000747880000)
 Metaspace       used 88034K, capacity 91766K, committed 92288K, reserved 1128448K
  class space    used 11808K, capacity 12546K, committed 12672K, reserved 1048576K
Event: 16.966 GC heap after
Heap after GC invocations=15 (full 3):
 PSYoungGen      total 348672K, used 26111K [0x0000000795580000, 0x00000007b4f00000, 0x00000007c0000000)
  eden space 322560K, 0% used [0x0000000795580000,0x0000000795580000,0x00000007a9080000)
  from space 26112K, 99% used [0x00000007ad500000,0x00000007aee7fe20,0x00000007aee80000)
  to   space 70144K, 0% used [0x00000007a9080000,0x00000007a9080000,0x00000007ad500000)
 ParOldGen       total 150016K, used 149888K [0x0000000740000000, 0x0000000749280000, 0x0000000795580000)
  object space 150016K, 99% used [0x0000000740000000,0x00000007492603a0,0x0000000749280000)
 Metaspace       used 88034K, capacity 91766K, committed 92288K, reserved 1128448K
  class space    used 11808K, capacity 12546K, committed 12672K, reserved 1048576K
}
Event: 16.966 GC heap before
{Heap before GC invocations=16 (full 4):
 PSYoungGen      total 348672K, used 26111K [0x0000000795580000, 0x00000007b4f00000, 0x00000007c0000000)
  eden space 322560K, 0% used [0x0000000795580000,0x0000000795580000,0x00000007a9080000)
  from space 26112K, 99% used [0x00000007ad500000,0x00000007aee7fe20,0x00000007aee80000)
  to   space 70144K, 0% used [0x00000007a9080000,0x00000007a9080000,0x00000007ad500000)
 ParOldGen       total 150016K, used 149888K [0x0000000740000000, 0x0000000749280000, 0x0000000795580000)
  object space 150016K, 99% used [0x0000000740000000,0x00000007492603a0,0x0000000749280000)
 Metaspace       used 88034K, capacity 91766K, committed 92288K, reserved 1128448K
  class space    used 11808K, capacity 12546K, committed 12672K, reserved 1048576K
Event: 17.676 GC heap after
Heap after GC invocations=16 (full 4):
 PSYoungGen      total 348672K, used 9160K [0x0000000795580000, 0x00000007b4f00000, 0x00000007c0000000)
  eden space 322560K, 0% used [0x0000000795580000,0x0000000795580000,0x00000007a9080000)
  from space 26112K, 35% used [0x00000007ad500000,0x00000007addf2140,0x00000007aee80000)
  to   space 70144K, 0% used [0x00000007a9080000,0x00000007a9080000,0x00000007ad500000)
 ParOldGen       total 305664K, used 149474K [0x0000000740000000, 0x0000000752a80000, 0x0000000795580000)
  object space 305664K, 48% used [0x0000000740000000,0x00000007491f8b38,0x0000000752a80000)
 Metaspace       used 87923K, capacity 91436K, committed 92288K, reserved 1128448K
  class space    used 11773K, capacity 12485K, committed 12672K, reserved 1048576K
}
Event: 313.787 GC heap before
{Heap before GC invocations=17 (full 4):
 PSYoungGen      total 348672K, used 331720K [0x0000000795580000, 0x00000007b4f00000, 0x00000007c0000000)
  eden space 322560K, 100% used [0x0000000795580000,0x00000007a9080000,0x00000007a9080000)
  from space 26112K, 35% used [0x00000007ad500000,0x00000007addf2140,0x00000007aee80000)
  to   space 70144K, 0% used [0x00000007a9080000,0x00000007a9080000,0x00000007ad500000)
 ParOldGen       total 305664K, used 149474K [0x0000000740000000, 0x0000000752a80000, 0x0000000795580000)
  object space 305664K, 48% used [0x0000000740000000,0x00000007491f8b38,0x0000000752a80000)
 Metaspace       used 94225K, capacity 98028K, committed 98304K, reserved 1134592K
  class space    used 12286K, capacity 13037K, committed 13056K, reserved 1048576K
Event: 314.200 GC heap after
Heap after GC invocations=17 (full 4):
 PSYoungGen      total 392704K, used 26112K [0x0000000795580000, 0x00000007b4f00000, 0x00000007c0000000)
  eden space 322560K, 0% used [0x0000000795580000,0x0000000795580000,0x00000007a9080000)
  from space 70144K, 37% used [0x00000007a9080000,0x00000007aaa00370,0x00000007ad500000)
  to   space 66560K, 0% used [0x00000007b0e00000,0x00000007b0e00000,0x00000007b4f00000)
 ParOldGen       total 305664K, used 158661K [0x0000000740000000, 0x0000000752a80000, 0x0000000795580000)
  object space 305664K, 51% used [0x0000000740000000,0x0000000749af1448,0x0000000752a80000)
 Metaspace       used 94225K, capacity 98028K, committed 98304K, reserved 1134592K
  class space    used 12286K, capacity 13037K, committed 13056K, reserved 1048576K
}
Event: 317.472 GC heap before
{Heap before GC invocations=18 (full 4):
 PSYoungGen      total 392704K, used 348672K [0x0000000795580000, 0x00000007b4f00000, 0x00000007c0000000)
  eden space 322560K, 100% used [0x0000000795580000,0x00000007a9080000,0x00000007a9080000)
  from space 70144K, 37% used [0x00000007a9080000,0x00000007aaa00370,0x00000007ad500000)
  to   space 66560K, 0% used [0x00000007b0e00000,0x00000007b0e00000,0x00000007b4f00000)
 ParOldGen       total 305664K, used 158661K [0x0000000740000000, 0x0000000752a80000, 0x0000000795580000)
  object space 305664K, 51% used [0x0000000740000000,0x0000000749af1448,0x0000000752a80000)
 Metaspace       used 102181K, capacity 106138K, committed 106496K, reserved 1142784K
  class space    used 13196K, capacity 13986K, committed 14080K, reserved 1048576K
Event: 317.539 GC heap after
Heap after GC invocations=18 (full 4):
 PSYoungGen      total 450048K, used 36294K [0x0000000795580000, 0x00000007b4e80000, 0x00000007c0000000)
  eden space 384000K, 0% used [0x0000000795580000,0x0000000795580000,0x00000007acc80000)
  from space 66048K, 54% used [0x00000007b0e00000,0x00000007b3171970,0x00000007b4e80000)
  to   space 66560K, 0% used [0x00000007acc80000,0x00000007acc80000,0x00000007b0d80000)
 ParOldGen       total 305664K, used 158669K [0x0000000740000000, 0x0000000752a80000, 0x0000000795580000)
  object space 305664K, 51% used [0x0000000740000000,0x0000000749af3448,0x0000000752a80000)
 Metaspace       used 102181K, capacity 106138K, committed 106496K, reserved 1142784K
  class space    used 13196K, capacity 13986K, committed 14080K, reserved 1048576K
}

Deoptimization events (10 events):
Event: 538.181 Thread 0x00007fa7eed9b800 Uncommon trap: reason=class_check action=maybe_recompile pc=0x000000010e50a714 method=java.lang.AbstractStringBuilder.append(Ljava/lang/CharSequence;)Ljava/lang/AbstractStringBuilder; @ 37
Event: 538.181 Thread 0x00007fa7eed9b800 Uncommon trap: reason=class_check action=maybe_recompile pc=0x000000010e50a714 method=java.lang.AbstractStringBuilder.append(Ljava/lang/CharSequence;)Ljava/lang/AbstractStringBuilder; @ 37
Event: 538.181 Thread 0x00007fa7eed9b800 Uncommon trap: reason=class_check action=maybe_recompile pc=0x000000010e50a714 method=java.lang.AbstractStringBuilder.append(Ljava/lang/CharSequence;)Ljava/lang/AbstractStringBuilder; @ 37
Event: 538.226 Thread 0x00007fa7eed9b800 Uncommon trap: reason=bimorphic action=maybe_recompile pc=0x000000010dc264dc method=java.io.BufferedInputStream.read1([BII)I @ 39
Event: 538.279 Thread 0x00007fa7eed9b800 Uncommon trap: reason=bimorphic action=maybe_recompile pc=0x000000010dc264dc method=java.io.BufferedInputStream.read1([BII)I @ 39
Event: 538.320 Thread 0x00007fa7eed9b800 Uncommon trap: reason=bimorphic action=maybe_recompile pc=0x000000010dc983a0 method=java.io.BufferedInputStream.read1([BII)I @ 39
Event: 538.707 Thread 0x00007fa7eed9b800 Uncommon trap: reason=class_check action=maybe_recompile pc=0x000000010d8b8db0 method=java.util.zip.InflaterInputStream.read([BII)I @ 100
Event: 538.735 Thread 0x00007fa7eed9b800 Uncommon trap: reason=class_check action=maybe_recompile pc=0x000000010d8b8db0 method=java.util.zip.InflaterInputStream.read([BII)I @ 100
Event: 538.770 Thread 0x00007fa7eed9b800 Uncommon trap: reason=class_check action=maybe_recompile pc=0x000000010d8b8db0 method=java.util.zip.InflaterInputStream.read([BII)I @ 100
Event: 538.803 Thread 0x00007fa7eed9b800 Uncommon trap: reason=class_check action=maybe_recompile pc=0x000000010d8b8db0 method=java.util.zip.InflaterInputStream.read([BII)I @ 100

Classes redefined (0 events):
No events

Internal exceptions (10 events):
Event: 538.937 Thread 0x00007fa7eed9b800 Exception <a 'java/lang/ClassNotFoundException': org/gradle/api/tasks/SourceTaskCustomizer> (0x000000079ed37d98) thrown at [/Volumes/Android/buildbot/src/googleplex-android/openjdk/out/hotspot/src/share/vm/classfile/systemDictionary.cpp, line 210]
Event: 538.940 Thread 0x00007fa7eed9b800 Exception <a 'java/lang/ClassNotFoundException': org/gradle/api/plugins/quality/CheckstyleCustomizer> (0x000000079edb3e08) thrown at [/Volumes/Android/buildbot/src/googleplex-android/openjdk/out/hotspot/src/share/vm/classfile/systemDictionary.cpp, line 21
Event: 538.943 Thread 0x00007fa7eed9b800 Exception <a 'java/lang/ClassNotFoundException': edu/illinois/cs/cs125/gradlegrader/plugin/RelentlessCheckstyleCustomizer> (0x000000079ee24dd0) thrown at [/Volumes/Android/buildbot/src/googleplex-android/openjdk/out/hotspot/src/share/vm/classfile/systemDi
Event: 538.944 Thread 0x00007fa7eed9b800 Exception <a 'java/lang/ClassNotFoundException': edu/illinois/cs/cs125/gradlegrader/plugin/RelentlessCheckstyle_DecoratedCustomizer> (0x000000079ee63c98) thrown at [/Volumes/Android/buildbot/src/googleplex-android/openjdk/out/hotspot/src/share/vm/classfil
Event: 538.969 Thread 0x00007fa7eed9b800 Exception <a 'java/lang/ClassNotFoundException': com/android/build/gradle/tasks/factory/AndroidUnitTest_DecoratedBeanInfo> (0x000000079eff2010) thrown at [/Volumes/Android/buildbot/src/googleplex-android/openjdk/out/hotspot/src/share/vm/classfile/systemDi
Event: 538.969 Thread 0x00007fa7eed9b800 Exception <a 'java/lang/ClassNotFoundException': com/android/build/gradle/tasks/factory/AndroidUnitTestBeanInfo> (0x000000079f00f7c8) thrown at [/Volumes/Android/buildbot/src/googleplex-android/openjdk/out/hotspot/src/share/vm/classfile/systemDictionary.c
Event: 538.971 Thread 0x00007fa7eed9b800 Exception <a 'java/lang/ClassNotFoundException': org/gradle/api/tasks/testing/TestBeanInfo> (0x000000079f04fbc0) thrown at [/Volumes/Android/buildbot/src/googleplex-android/openjdk/out/hotspot/src/share/vm/classfile/systemDictionary.cpp, line 210]
Event: 538.973 Thread 0x00007fa7eed9b800 Exception <a 'java/lang/ClassNotFoundException': org/gradle/api/tasks/testing/AbstractTestTaskBeanInfo> (0x000000079f09d198) thrown at [/Volumes/Android/buildbot/src/googleplex-android/openjdk/out/hotspot/src/share/vm/classfile/systemDictionary.cpp, line 
Event: 538.974 Thread 0x00007fa7eed9b800 Exception <a 'java/lang/ClassNotFoundException': org/gradle/api/tasks/testing/AbstractTestTaskCustomizer> (0x000000079f0ebc08) thrown at [/Volumes/Android/buildbot/src/googleplex-android/openjdk/out/hotspot/src/share/vm/classfile/systemDictionary.cpp, lin
Event: 538.976 Thread 0x00007fa7eed9b800 Implicit null exception at 0x000000010d9add11 to 0x0000000000000000

Events (10 events):
Event: 538.973 loading class org/gradle/api/tasks/testing/AbstractTestTaskCustomizer
Event: 538.973 loading class org/gradle/api/tasks/testing/AbstractTestTaskCustomizer done
Event: 538.973 loading class org/gradle/api/tasks/testing/AbstractTestTaskCustomizer
Event: 538.973 loading class org/gradle/api/tasks/testing/AbstractTestTaskCustomizer done
Event: 538.973 loading class org/gradle/api/tasks/testing/AbstractTestTaskCustomizer
Event: 538.973 loading class org/gradle/api/tasks/testing/AbstractTestTaskCustomizer done
Event: 538.974 loading class org/gradle/api/tasks/testing/AbstractTestTaskCustomizer
Event: 538.974 loading class org/gradle/api/tasks/testing/AbstractTestTaskCustomizer done
Event: 538.975 loading class org/gradle/api/tasks/testing/TestCustomizer
Event: 538.975 loading class org/gradle/api/tasks/testing/TestCustomizer done


Dynamic libraries:
0x00007fff36893000 	/System/Library/Frameworks/Cocoa.framework/Versions/A/Cocoa
0x00007fff4408c000 	/System/Library/Frameworks/Security.framework/Versions/A/Security
0x00007fff357f8000 	/System/Library/Frameworks/ApplicationServices.framework/Versions/A/ApplicationServices
0x00007fff70d49000 	/usr/lib/libz.1.dylib
0x00007fff6e80d000 	/usr/lib/libSystem.B.dylib
0x00007fff37735000 	/System/Library/Frameworks/CoreFoundation.framework/Versions/A/CoreFoundation
0x00007fff39df2000 	/System/Library/Frameworks/Foundation.framework/Versions/C/Foundation
0x00007fff7066d000 	/usr/lib/libobjc.A.dylib
0x00007fff349e8000 	/System/Library/Frameworks/AppKit.framework/Versions/C/AppKit
0x00007fff37217000 	/System/Library/Frameworks/CoreData.framework/Versions/A/CoreData
0x00007fff68822000 	/System/Library/PrivateFrameworks/UIFoundation.framework/Versions/A/UIFoundation
0x00007fff638b6000 	/System/Library/PrivateFrameworks/RemoteViewServices.framework/Versions/A/RemoteViewServices
0x00007fff6b37d000 	/System/Library/PrivateFrameworks/XCTTargetBootstrap.framework/Versions/A/XCTTargetBootstrap
0x00007fff37602000 	/System/Library/Frameworks/CoreDisplay.framework/Versions/A/CoreDisplay
0x00007fff3ccad000 	/System/Library/Frameworks/Metal.framework/Versions/A/Metal
0x00007fff518a3000 	/System/Library/PrivateFrameworks/DesktopServicesPriv.framework/Versions/A/DesktopServicesPriv
0x00007fff6f948000 	/usr/lib/liblangid.dylib
0x00007fff50b38000 	/System/Library/PrivateFrameworks/CoreSVG.framework/Versions/A/CoreSVG
0x00007fff66a12000 	/System/Library/PrivateFrameworks/SkyLight.framework/Versions/A/SkyLight
0x00007fff37bb6000 	/System/Library/Frameworks/CoreGraphics.framework/Versions/A/CoreGraphics
0x00007fff333bc000 	/System/Library/Frameworks/Accelerate.framework/Versions/A/Accelerate
0x00007fff70c3a000 	/usr/lib/libxml2.2.dylib
0x00007fff5c841000 	/System/Library/PrivateFrameworks/IconServices.framework/Versions/A/IconServices
0x00007fff3a5d1000 	/System/Library/Frameworks/IOSurface.framework/Versions/A/IOSurface
0x00007fff6e337000 	/usr/lib/libDiagnosticMessagesClient.dylib
0x00007fff516fd000 	/System/Library/PrivateFrameworks/DFRFoundation.framework/Versions/A/DFRFoundation
0x00007fff6f6d7000 	/usr/lib/libicucore.A.dylib
0x00007fff35b2a000 	/System/Library/Frameworks/AudioToolbox.framework/Versions/A/AudioToolbox
0x00007fff35c0d000 	/System/Library/Frameworks/AudioUnit.framework/Versions/A/AudioUnit
0x00007fff6ea0f000 	/usr/lib/libauto.dylib
0x00007fff5179f000 	/System/Library/PrivateFrameworks/DataDetectorsCore.framework/Versions/A/DataDetectorsCore
0x00007fff363b4000 	/System/Library/Frameworks/Carbon.framework/Versions/A/Frameworks/HIToolbox.framework/Versions/A/HIToolbox
0x00007fff43286000 	/System/Library/Frameworks/QuartzCore.framework/Versions/A/QuartzCore
0x00007fff366f3000 	/System/Library/Frameworks/Carbon.framework/Versions/A/Frameworks/SpeechRecognition.framework/Versions/A/SpeechRecognition
0x00007fff51211000 	/System/Library/PrivateFrameworks/CoreUI.framework/Versions/A/CoreUI
0x00007fff36c82000 	/System/Library/Frameworks/CoreAudio.framework/Versions/A/CoreAudio
0x00007fff39ab1000 	/System/Library/Frameworks/DiskArbitration.framework/Versions/A/DiskArbitration
0x00007fff5e891000 	/System/Library/PrivateFrameworks/MultitouchSupport.framework/Versions/A/MultitouchSupport
0x00007fff6f59e000 	/usr/lib/libenergytrace.dylib
0x00007fff3a52b000 	/System/Library/Frameworks/IOKit.framework/Versions/A/IOKit
0x00007fff38b1d000 	/System/Library/Frameworks/CoreServices.framework/Versions/A/CoreServices
0x00007fff60a49000 	/System/Library/PrivateFrameworks/PerformanceAnalysis.framework/Versions/A/PerformanceAnalysis
0x00007fff422b9000 	/System/Library/Frameworks/OpenGL.framework/Versions/A/OpenGL
0x00007fff368a1000 	/System/Library/Frameworks/ColorSync.framework/Versions/A/ColorSync
0x00007fff38239000 	/System/Library/Frameworks/CoreImage.framework/Versions/A/CoreImage
0x00007fff39590000 	/System/Library/Frameworks/CoreText.framework/Versions/A/CoreText
0x00007fff3a661000 	/System/Library/Frameworks/ImageIO.framework/Versions/A/ImageIO
0x00007fff6eaf3000 	/usr/lib/libc++.1.dylib
0x00007fff6eb6f000 	/usr/lib/libcompression.dylib
0x00007fff6e67b000 	/usr/lib/libMobileGestalt.dylib
0x00007fff6858c000 	/System/Library/PrivateFrameworks/TextureIO.framework/Versions/A/TextureIO
0x00007fff6e972000 	/usr/lib/libate.dylib
0x00007fff5ca4a000 	/System/Library/PrivateFrameworks/InternationalSupport.framework/Versions/A/InternationalSupport
0x00007fff7160a000 	/usr/lib/system/libcache.dylib
0x00007fff71610000 	/usr/lib/system/libcommonCrypto.dylib
0x00007fff7161c000 	/usr/lib/system/libcompiler_rt.dylib
0x00007fff71624000 	/usr/lib/system/libcopyfile.dylib
0x00007fff7162e000 	/usr/lib/system/libcorecrypto.dylib
0x00007fff717cd000 	/usr/lib/system/libdispatch.dylib
0x00007fff7180e000 	/usr/lib/system/libdyld.dylib
0x00007fff71845000 	/usr/lib/system/libkeymgr.dylib
0x00007fff71853000 	/usr/lib/system/liblaunch.dylib
0x00007fff71854000 	/usr/lib/system/libmacho.dylib
0x00007fff7185a000 	/usr/lib/system/libquarantine.dylib
0x00007fff7185d000 	/usr/lib/system/libremovefile.dylib
0x00007fff7185f000 	/usr/lib/system/libsystem_asl.dylib
0x00007fff71877000 	/usr/lib/system/libsystem_blocks.dylib
0x00007fff71878000 	/usr/lib/system/libsystem_c.dylib
0x00007fff71900000 	/usr/lib/system/libsystem_configuration.dylib
0x00007fff71904000 	/usr/lib/system/libsystem_coreservices.dylib
0x00007fff71908000 	/usr/lib/system/libsystem_darwin.dylib
0x00007fff71911000 	/usr/lib/system/libsystem_dnssd.dylib
0x00007fff71919000 	/usr/lib/system/libsystem_featureflags.dylib
0x00007fff7191b000 	/usr/lib/system/libsystem_info.dylib
0x00007fff71996000 	/usr/lib/system/libsystem_m.dylib
0x00007fff719de000 	/usr/lib/system/libsystem_malloc.dylib
0x00007fff71a06000 	/usr/lib/system/libsystem_networkextension.dylib
0x00007fff71a14000 	/usr/lib/system/libsystem_notify.dylib
0x00007fff71a32000 	/usr/lib/system/libsystem_sandbox.dylib
0x00007fff71a37000 	/usr/lib/system/libsystem_secinit.dylib
0x00007fff71969000 	/usr/lib/system/libsystem_kernel.dylib
0x00007fff71a1e000 	/usr/lib/system/libsystem_platform.dylib
0x00007fff71a27000 	/usr/lib/system/libsystem_pthread.dylib
0x00007fff71a3a000 	/usr/lib/system/libsystem_symptoms.dylib
0x00007fff71a42000 	/usr/lib/system/libsystem_trace.dylib
0x00007fff71a5a000 	/usr/lib/system/libunwind.dylib
0x00007fff71a60000 	/usr/lib/system/libxpc.dylib
0x00007fff6eb46000 	/usr/lib/libc++abi.dylib
0x00007fff6f94a000 	/usr/lib/liblzma.5.dylib
0x00007fff6f5c5000 	/usr/lib/libfakelink.dylib
0x00007fff6e8ff000 	/usr/lib/libarchive.2.dylib
0x00007fff4513d000 	/System/Library/Frameworks/SystemConfiguration.framework/Versions/A/SystemConfiguration
0x00007fff6e26a000 	/usr/lib/libCRFSuite.dylib
0x00007fff35fa4000 	/System/Library/Frameworks/CFNetwork.framework/Versions/A/CFNetwork
0x00007fff6ead5000 	/usr/lib/libbsm.0.dylib
0x00007fff71846000 	/usr/lib/system/libkxld.dylib
0x00007fff4b07a000 	/System/Library/PrivateFrameworks/AppleFSCompression.framework/Versions/A/AppleFSCompression
0x00007fff6ee60000 	/usr/lib/libcoretls.dylib
0x00007fff6ee77000 	/usr/lib/libcoretls_cfhelpers.dylib
0x00007fff706b3000 	/usr/lib/libpam.2.dylib
0x00007fff707e8000 	/usr/lib/libsqlite3.dylib
0x00007fff70c27000 	/usr/lib/libxar.1.dylib
0x00007fff6eae6000 	/usr/lib/libbz2.1.0.dylib
0x00007fff6f5e6000 	/usr/lib/libiconv.2.dylib
0x00007fff6eb5c000 	/usr/lib/libcharset.1.dylib
0x00007fff70150000 	/usr/lib/libnetwork.dylib
0x00007fff706ba000 	/usr/lib/libpcap.A.dylib
0x00007fff6e8b4000 	/usr/lib/libapple_nghttp2.dylib
0x00007fff38ed4000 	/System/Library/Frameworks/CoreServices.framework/Versions/A/Frameworks/FSEvents.framework/Versions/A/FSEvents
0x00007fff38ba4000 	/System/Library/Frameworks/CoreServices.framework/Versions/A/Frameworks/CarbonCore.framework/Versions/A/CarbonCore
0x00007fff39118000 	/System/Library/Frameworks/CoreServices.framework/Versions/A/Frameworks/Metadata.framework/Versions/A/Metadata
0x00007fff391b1000 	/System/Library/Frameworks/CoreServices.framework/Versions/A/Frameworks/OSServices.framework/Versions/A/OSServices
0x00007fff391df000 	/System/Library/Frameworks/CoreServices.framework/Versions/A/Frameworks/SearchKit.framework/Versions/A/SearchKit
0x00007fff38b1e000 	/System/Library/Frameworks/CoreServices.framework/Versions/A/Frameworks/AE.framework/Versions/A/AE
0x00007fff38edd000 	/System/Library/Frameworks/CoreServices.framework/Versions/A/Frameworks/LaunchServices.framework/Versions/A/LaunchServices
0x00007fff38e86000 	/System/Library/Frameworks/CoreServices.framework/Versions/A/Frameworks/DictionaryServices.framework/Versions/A/DictionaryServices
0x00007fff39247000 	/System/Library/Frameworks/CoreServices.framework/Versions/A/Frameworks/SharedFileList.framework/Versions/A/SharedFileList
0x00007fff3e0d8000 	/System/Library/Frameworks/NetFS.framework/Versions/A/NetFS
0x00007fff5edc1000 	/System/Library/PrivateFrameworks/NetAuth.framework/Versions/A/NetAuth
0x00007fff6b74a000 	/System/Library/PrivateFrameworks/login.framework/Versions/A/Frameworks/loginsupport.framework/Versions/A/loginsupport
0x00007fff68057000 	/System/Library/PrivateFrameworks/TCC.framework/Versions/A/TCC
0x00007fff4fcab000 	/System/Library/PrivateFrameworks/CoreNLP.framework/Versions/A/CoreNLP
0x00007fff5e2be000 	/System/Library/PrivateFrameworks/MetadataUtilities.framework/Versions/A/MetadataUtilities
0x00007fff6fa22000 	/usr/lib/libmecabra.dylib
0x00007fff6f97a000 	/usr/lib/libmecab.dylib
0x00007fff6f5d6000 	/usr/lib/libgermantok.dylib
0x00007fff6e89b000 	/usr/lib/libThaiTokenizer.dylib
0x00007fff6e2a1000 	/usr/lib/libChineseTokenizer.dylib
0x00007fff333d4000 	/System/Library/Frameworks/Accelerate.framework/Versions/A/Frameworks/vImage.framework/Versions/A/vImage
0x00007fff3483e000 	/System/Library/Frameworks/Accelerate.framework/Versions/A/Frameworks/vecLib.framework/Versions/A/vecLib
0x00007fff3477b000 	/System/Library/Frameworks/Accelerate.framework/Versions/A/Frameworks/vecLib.framework/Versions/A/libvMisc.dylib
0x00007fff345a3000 	/System/Library/Frameworks/Accelerate.framework/Versions/A/Frameworks/vecLib.framework/Versions/A/libvDSP.dylib
0x00007fff33a2b000 	/System/Library/Frameworks/Accelerate.framework/Versions/A/Frameworks/vecLib.framework/Versions/A/libBLAS.dylib
0x00007fff34167000 	/System/Library/Frameworks/Accelerate.framework/Versions/A/Frameworks/vecLib.framework/Versions/A/libLAPACK.dylib
0x00007fff34503000 	/System/Library/Frameworks/Accelerate.framework/Versions/A/Frameworks/vecLib.framework/Versions/A/libLinearAlgebra.dylib
0x00007fff34590000 	/System/Library/Frameworks/Accelerate.framework/Versions/A/Frameworks/vecLib.framework/Versions/A/libSparseBLAS.dylib
0x00007fff34519000 	/System/Library/Frameworks/Accelerate.framework/Versions/A/Frameworks/vecLib.framework/Versions/A/libQuadrature.dylib
0x00007fff33c93000 	/System/Library/Frameworks/Accelerate.framework/Versions/A/Frameworks/vecLib.framework/Versions/A/libBNNS.dylib
0x00007fff3451f000 	/System/Library/Frameworks/Accelerate.framework/Versions/A/Frameworks/vecLib.framework/Versions/A/libSparse.dylib
0x00007fff5ce32000 	/System/Library/PrivateFrameworks/LanguageModeling.framework/Versions/A/LanguageModeling
0x00007fff4f65b000 	/System/Library/PrivateFrameworks/CoreEmoji.framework/Versions/A/CoreEmoji
0x00007fff5cf50000 	/System/Library/PrivateFrameworks/LinguisticData.framework/Versions/A/LinguisticData
0x00007fff5cf01000 	/System/Library/PrivateFrameworks/Lexicon.framework/Versions/A/Lexicon
0x00007fff6eb5d000 	/usr/lib/libcmph.dylib
0x00007fff40cc7000 	/System/Library/Frameworks/OpenDirectory.framework/Versions/A/Frameworks/CFOpenDirectory.framework/Versions/A/CFOpenDirectory
0x00007fff40ce4000 	/System/Library/Frameworks/OpenDirectory.framework/Versions/A/OpenDirectory
0x00007fff49127000 	/System/Library/PrivateFrameworks/APFS.framework/Versions/A/APFS
0x00007fff443d6000 	/System/Library/Frameworks/SecurityFoundation.framework/Versions/A/SecurityFoundation
0x00007fff70c23000 	/usr/lib/libutil.dylib
0x00007fff50b90000 	/System/Library/PrivateFrameworks/CoreServicesStore.framework/Versions/A/CoreServicesStore
0x00007fff4448d000 	/System/Library/Frameworks/ServiceManagement.framework/Versions/A/ServiceManagement
0x00007fff4c84a000 	/System/Library/PrivateFrameworks/BackgroundTaskManagement.framework/Versions/A/BackgroundTaskManagement
0x00007fff70d20000 	/usr/lib/libxslt.1.dylib
0x00007fff4b6ed000 	/System/Library/PrivateFrameworks/AppleSystemInfo.framework/Versions/A/AppleSystemInfo
0x00007fff3a87c000 	/System/Library/Frameworks/ImageIO.framework/Versions/A/Resources/libJPEG.dylib
0x00007fff3ab3b000 	/System/Library/Frameworks/ImageIO.framework/Versions/A/Resources/libTIFF.dylib
0x00007fff3ab1e000 	/System/Library/Frameworks/ImageIO.framework/Versions/A/Resources/libPng.dylib
0x00007fff3a7be000 	/System/Library/Frameworks/ImageIO.framework/Versions/A/Resources/libGIF.dylib
0x00007fff3a7c2000 	/System/Library/Frameworks/ImageIO.framework/Versions/A/Resources/libJP2.dylib
0x00007fff3ab39000 	/System/Library/Frameworks/ImageIO.framework/Versions/A/Resources/libRadiance.dylib
0x00007fff6f59f000 	/usr/lib/libexpat.1.dylib
0x00007fff4b1d5000 	/System/Library/PrivateFrameworks/AppleJPEG.framework/Versions/A/AppleJPEG
0x00007fff53ea6000 	/System/Library/PrivateFrameworks/FontServices.framework/libFontParser.dylib
0x00007fff6a74c000 	/System/Library/PrivateFrameworks/WatchdogClient.framework/Versions/A/WatchdogClient
0x00007fff5c48d000 	/System/Library/PrivateFrameworks/IOAccelerator.framework/Versions/A/IOAccelerator
0x00007fff3d048000 	/System/Library/Frameworks/MetalPerformanceShaders.framework/Versions/A/MetalPerformanceShaders
0x00007fff58c23000 	/System/Library/PrivateFrameworks/GPUWrangler.framework/Versions/A/GPUWrangler
0x00007fff5c4a2000 	/System/Library/PrivateFrameworks/IOPresentment.framework/Versions/A/IOPresentment
0x00007fff51710000 	/System/Library/PrivateFrameworks/DSExternalDisplay.framework/Versions/A/DSExternalDisplay
0x00007fff41658000 	/System/Library/Frameworks/OpenGL.framework/Versions/A/Libraries/libCoreFSCache.dylib
0x00007fff3cd94000 	/System/Library/Frameworks/MetalPerformanceShaders.framework/Frameworks/MPSCore.framework/Versions/A/MPSCore
0x00007fff3cdd2000 	/System/Library/Frameworks/MetalPerformanceShaders.framework/Frameworks/MPSImage.framework/Versions/A/MPSImage
0x00007fff3ce99000 	/System/Library/Frameworks/MetalPerformanceShaders.framework/Frameworks/MPSNeuralNetwork.framework/Versions/A/MPSNeuralNetwork
0x00007fff3ce5d000 	/System/Library/Frameworks/MetalPerformanceShaders.framework/Frameworks/MPSMatrix.framework/Versions/A/MPSMatrix
0x00007fff3cff8000 	/System/Library/Frameworks/MetalPerformanceShaders.framework/Frameworks/MPSRayIntersector.framework/Versions/A/MPSRayIntersector
0x00007fff3ce83000 	/System/Library/Frameworks/MetalPerformanceShaders.framework/Frameworks/MPSNDArray.framework/Versions/A/MPSNDArray
0x00007fff5e30b000 	/System/Library/PrivateFrameworks/MetalTools.framework/Versions/A/MetalTools
0x00007fff4a301000 	/System/Library/PrivateFrameworks/AggregateDictionary.framework/Versions/A/AggregateDictionary
0x00007fff4f0a3000 	/System/Library/PrivateFrameworks/CoreAnalytics.framework/Versions/A/CoreAnalytics
0x00007fff4b60c000 	/System/Library/PrivateFrameworks/AppleSauce.framework/Versions/A/AppleSauce
0x00007fff6e55d000 	/usr/lib/libIOReport.dylib
0x00007fff39748000 	/System/Library/Frameworks/CoreVideo.framework/Versions/A/CoreVideo
0x00007fff5a09c000 	/System/Library/PrivateFrameworks/GraphVisualizer.framework/Versions/A/GraphVisualizer
0x00007fff533ec000 	/System/Library/PrivateFrameworks/FaceCore.framework/Versions/A/FaceCore
0x00007fff40c6e000 	/System/Library/Frameworks/OpenCL.framework/Versions/A/OpenCL
0x00007fff6e37f000 	/usr/lib/libFosl_dynamic.dylib
0x00007fff5f7e1000 	/System/Library/PrivateFrameworks/OTSVG.framework/Versions/A/OTSVG
0x00007fff358fd000 	/System/Library/Frameworks/ApplicationServices.framework/Versions/A/Frameworks/ATS.framework/Versions/A/Resources/libFontRegistry.dylib
0x00007fff54077000 	/System/Library/PrivateFrameworks/FontServices.framework/libhvf.dylib
0x00007fff41663000 	/System/Library/Frameworks/OpenGL.framework/Versions/A/Libraries/libGFXShared.dylib
0x00007fff41841000 	/System/Library/Frameworks/OpenGL.framework/Versions/A/Libraries/libGLU.dylib
0x00007fff4166c000 	/System/Library/Frameworks/OpenGL.framework/Versions/A/Libraries/libGL.dylib
0x00007fff41677000 	/System/Library/Frameworks/OpenGL.framework/Versions/A/Libraries/libGLImage.dylib
0x00007fff41655000 	/System/Library/Frameworks/OpenGL.framework/Versions/A/Libraries/libCVMSPluginSupport.dylib
0x00007fff4165e000 	/System/Library/Frameworks/OpenGL.framework/Versions/A/Libraries/libCoreVMClient.dylib
0x00007fff6fff1000 	/usr/lib/libncurses.5.4.dylib
0x00007fff357f9000 	/System/Library/Frameworks/ApplicationServices.framework/Versions/A/Frameworks/ATS.framework/Versions/A/ATS
0x00007fff359c6000 	/System/Library/Frameworks/ApplicationServices.framework/Versions/A/Frameworks/ColorSyncLegacy.framework/Versions/A/ColorSyncLegacy
0x00007fff35a64000 	/System/Library/Frameworks/ApplicationServices.framework/Versions/A/Frameworks/HIServices.framework/Versions/A/HIServices
0x00007fff35abc000 	/System/Library/Frameworks/ApplicationServices.framework/Versions/A/Frameworks/LangAnalysis.framework/Versions/A/LangAnalysis
0x00007fff35acb000 	/System/Library/Frameworks/ApplicationServices.framework/Versions/A/Frameworks/PrintCore.framework/Versions/A/PrintCore
0x00007fff35b11000 	/System/Library/Frameworks/ApplicationServices.framework/Versions/A/Frameworks/QD.framework/Versions/A/QD
0x00007fff35b1c000 	/System/Library/Frameworks/ApplicationServices.framework/Versions/A/Frameworks/SpeechSynthesis.framework/Versions/A/SpeechSynthesis
0x00007fff35996000 	/System/Library/Frameworks/ApplicationServices.framework/Versions/A/Frameworks/ATSUI.framework/Versions/A/ATSUI
0x00007fff6f435000 	/usr/lib/libcups.2.dylib
0x00007fff3c0e3000 	/System/Library/Frameworks/Kerberos.framework/Versions/A/Kerberos
0x00007fff3a224000 	/System/Library/Frameworks/GSS.framework/Versions/A/GSS
0x00007fff70774000 	/usr/lib/libresolv.9.dylib
0x00007fff5a249000 	/System/Library/PrivateFrameworks/Heimdal.framework/Versions/A/Heimdal
0x00007fff3c0f6000 	/System/Library/Frameworks/Kerberos.framework/Versions/A/Libraries/libHeimdalProxy.dylib
0x00007fff6f5dc000 	/usr/lib/libheimdal-asn1.dylib
0x00007fff4e53b000 	/System/Library/PrivateFrameworks/CommonAuth.framework/Versions/A/CommonAuth
0x00007fff4b78a000 	/System/Library/PrivateFrameworks/AssertionServices.framework/Versions/A/AssertionServices
0x00007fff4c32d000 	/System/Library/PrivateFrameworks/AudioToolboxCore.framework/Versions/A/AudioToolboxCore
0x00007fff6b3fa000 	/System/Library/PrivateFrameworks/caulk.framework/Versions/A/caulk
0x00007fff4c8f6000 	/System/Library/PrivateFrameworks/BaseBoard.framework/Versions/A/BaseBoard
0x00007fff63a44000 	/System/Library/PrivateFrameworks/RunningBoardServices.framework/Versions/A/RunningBoardServices
0x00007fff60a55000 	/System/Library/PrivateFrameworks/PersistentConnection.framework/Versions/A/PersistentConnection
0x00007fff6343d000 	/System/Library/PrivateFrameworks/ProtocolBuffer.framework/Versions/A/ProtocolBuffer
0x00007fff4e55f000 	/System/Library/PrivateFrameworks/CommonUtilities.framework/Versions/A/CommonUtilities
0x00007fff4ca84000 	/System/Library/PrivateFrameworks/Bom.framework/Versions/A/Bom
0x00007fff6e230000 	/usr/lib/libAudioToolboxUtility.dylib
0x00007fff4c854000 	/System/Library/PrivateFrameworks/Backup.framework/Versions/A/Backup
0x00007fff51631000 	/System/Library/PrivateFrameworks/CrashReporterSupport.framework/Versions/A/CrashReporterSupport
0x00007fff654d6000 	/System/Library/PrivateFrameworks/Sharing.framework/Versions/A/Sharing
0x00007fff4ad98000 	/System/Library/PrivateFrameworks/Apple80211.framework/Versions/A/Apple80211
0x00007fff4c571000 	/System/Library/PrivateFrameworks/AuthKit.framework/Versions/A/AuthKit
0x00007fff5133e000 	/System/Library/PrivateFrameworks/CoreUtils.framework/Versions/A/CoreUtils
0x00007fff3978d000 	/System/Library/Frameworks/CoreWLAN.framework/Versions/A/CoreWLAN
0x00007fff3a3b1000 	/System/Library/Frameworks/IOBluetooth.framework/Versions/A/IOBluetooth
0x00007fff5e610000 	/System/Library/PrivateFrameworks/MobileKeyBag.framework/Versions/A/MobileKeyBag
0x00007fff50143000 	/System/Library/PrivateFrameworks/CorePhoneNumbers.framework/Versions/A/CorePhoneNumbers
0x00007fff4b188000 	/System/Library/PrivateFrameworks/AppleIDAuthSupport.framework/Versions/A/AppleIDAuthSupport
0x00007fff3e0e5000 	/System/Library/Frameworks/Network.framework/Versions/A/Network
0x00007fff5ccde000 	/System/Library/PrivateFrameworks/KeychainCircle.framework/Versions/A/KeychainCircle
0x00007fff371de000 	/System/Library/Frameworks/CoreBluetooth.framework/Versions/A/CoreBluetooth
0x00007fff67555000 	/System/Library/PrivateFrameworks/SpeechRecognitionCore.framework/Versions/A/SpeechRecognitionCore
0x0000000100a00000 	/Applications/Android Studio.app/Contents/jre/jdk/Contents/Home/jre/lib/server/libjvm.dylib
0x00007fff70af6000 	/usr/lib/libstdc++.6.dylib
0x00000001018b8000 	/Applications/Android Studio.app/Contents/jre/jdk/Contents/Home/jre/lib/libverify.dylib
0x00000001018ca000 	/Applications/Android Studio.app/Contents/jre/jdk/Contents/Home/jre/lib/libjava.dylib
0x000000010195c000 	/Applications/Android Studio.app/Contents/jre/jdk/Contents/Home/jre/lib/libzip.dylib
0x0000000108d45000 	/Applications/Android Studio.app/Contents/jre/jdk/Contents/Home/jre/lib/libnio.dylib
0x0000000108d60000 	/Applications/Android Studio.app/Contents/jre/jdk/Contents/Home/jre/lib/libnet.dylib
0x00000001092af000 	/Users/JenniferLim/.gradle/native/fdc75f09e3144964f2cf3f50f0aa648679c211496f362492102eb8c894070792/osx-amd64/libnative-platform.dylib
0x00000001092b6000 	/Users/JenniferLim/.gradle/native/12488b8bf47d2d4c9fbf2f6322a914ad602e24e48041cd04a747c6da556b65c4/osx-amd64/libnative-platform-file-events.dylib
0x0000000109667000 	/Applications/Android Studio.app/Contents/jre/jdk/Contents/Home/jre/lib/libmanagement.dylib

VM Arguments:
jvm_args: -Xmx2048m -Dfile.encoding=UTF-8 -Duser.country=US -Duser.language=en -Duser.variant 
java_command: org.gradle.launcher.daemon.bootstrap.GradleDaemon 6.7
java_class_path (initial): /Users/JenniferLim/.gradle/wrapper/dists/gradle-6.7-bin/efvqh8uyq79v2n7rcncuhu9sv/gradle-6.7/lib/gradle-launcher-6.7.jar
Launcher Type: SUN_STANDARD

Environment Variables:
PATH=/usr/local/bin:/usr/bin:/bin:/usr/sbin:/sbin
SHELL=/bin/zsh

Signal Handlers:
SIGSEGV: [libjvm.dylib+0x565c43], sa_mask[0]=11111111011111110111111111111111, sa_flags=SA_ONSTACK|SA_RESTART|SA_SIGINFO
SIGBUS: [libjvm.dylib+0x565c43], sa_mask[0]=11111111011111110111111111111111, sa_flags=SA_RESTART|SA_SIGINFO
SIGFPE: [libjvm.dylib+0x45dd9d], sa_mask[0]=11111111011111110111111111111111, sa_flags=SA_RESTART|SA_SIGINFO
SIGPIPE: [libjvm.dylib+0x45dd9d], sa_mask[0]=11111111011111110111111111111111, sa_flags=SA_RESTART|SA_SIGINFO
SIGXFSZ: [libjvm.dylib+0x45dd9d], sa_mask[0]=11111111011111110111111111111111, sa_flags=SA_RESTART|SA_SIGINFO
SIGILL: [libjvm.dylib+0x45dd9d], sa_mask[0]=11111111011111110111111111111111, sa_flags=SA_RESTART|SA_SIGINFO
SIGUSR1: SIG_DFL, sa_mask[0]=00000000000000000000000000000000, sa_flags=none
SIGUSR2: [libjvm.dylib+0x45e69c], sa_mask[0]=00100000000000000000000000000000, sa_flags=SA_RESTART|SA_SIGINFO
SIGHUP: [libjvm.dylib+0x45c8c1], sa_mask[0]=11111111011111110111111111111111, sa_flags=SA_RESTART|SA_SIGINFO
SIGINT: [libjvm.dylib+0x45c8c1], sa_mask[0]=11111111011111110111111111111111, sa_flags=SA_RESTART|SA_SIGINFO
SIGTERM: [libjvm.dylib+0x45c8c1], sa_mask[0]=11111111011111110111111111111111, sa_flags=SA_RESTART|SA_SIGINFO
SIGQUIT: [libjvm.dylib+0x45c8c1], sa_mask[0]=11111111011111110111111111111111, sa_flags=SA_RESTART|SA_SIGINFO


---------------  S Y S T E M  ---------------

OS:Bsduname:Darwin 19.6.0 Darwin Kernel Version 19.6.0: Thu Oct 29 22:56:45 PDT 2020; root:xnu-6153.141.2.2~1/RELEASE_X86_64 x86_64
rlimit: STACK 8192k, CORE 0k, NPROC 1392, NOFILE 10240, AS infinity
load average:3.11 3.51 4.40

CPU:total 4 (initial active 4) (2 cores per cpu, 2 threads per core) family 6 model 142 stepping 9, cmov, cx8, fxsr, mmx, sse, sse2, sse3, ssse3, sse4.1, sse4.2, popcnt, avx, avx2, aes, clmul, erms, 3dnowpref, lzcnt, ht, tsc, tscinvbit, bmi1, bmi2, adx

Memory: 4k page, physical 8388608k(57844k free)

/proc/meminfo:


vm_info: OpenJDK 64-Bit Server VM (25.242-b3-6222593) for bsd-amd64 JRE (1.8.0_242-release-1644-b3-6222593), built by "android-build" with gcc 4.2.1 Compatible Android (5484270 based on r353983c) Clang 9.0.3 (https://android.googlesource.com/toolchain/clang 745b335211bb9eadfa6aa6301f84715cee4b37c5) (https://android.googlesource.com/toolchain/llvm 60cf23e54e46c807513f7a36d0a7b777920b5881)

time: Fri Nov 27 17:19:23 2020
timezone: CST
elapsed time: 539 seconds (0d 0h 8m 59s)

